[INFO] Scanning for projects...
[INFO] ------------------------------------------------------------------------
[INFO] Reactor Build Order:
[INFO] 
[INFO] Dollar
[INFO] Dollar Core - API for writing dynamic Java
[INFO] dollar-resolver
[INFO] dollar-plugins
[INFO] dollar-std-resources-plugins
[INFO] dollar-redis-plugin
[INFO] dollar-http-plugin
[INFO] dollar-metrics-plugin
[INFO] dollar-script
[INFO] dollar-simple-execution-plugin
[INFO] dollar-class-resolver-plugin
[INFO] dollar-github-resolver-plugin
[INFO] dollar-maven-resolver-plugin
[INFO] dollar-socketio-plugin
[INFO] dollar-mapdb-plugin
[INFO] dollar-simple-learner-plugin
[INFO] dollar-runtime
[INFO] dollar-scripting-java-plugin
[INFO] Dollar Examples
[INFO] dollar-docs
[INFO] 
[INFO] ------------------------------------------------------------------------
[INFO] Building Dollar 0-SNAPSHOT
[INFO] ------------------------------------------------------------------------
[INFO] 
[INFO] --- maven-clean-plugin:3.0.0:clean (default-clean) @ dollar ---
[INFO] Deleting /Users/neil/dev/dollar/target
[INFO] 
[INFO] --- maven-enforcer-plugin:1.4.1:enforce (enforce-versions) @ dollar ---
[INFO] 
[INFO] --- maven-javadoc-plugin:2.10.4:jar (attach-javadocs) @ dollar ---
[INFO] Not executing Javadoc as the project is not a Java classpath-capable package
[INFO] 
[INFO] --- maven-site-plugin:3.6:attach-descriptor (attach-descriptor) @ dollar ---
[INFO] Attaching 'src/site/site.xml' site descriptor with classifier 'site'.
[INFO] 
[INFO] >>> maven-source-plugin:3.0.1:jar (attach-sources) > generate-sources @ dollar >>>
[INFO] 
[INFO] --- maven-enforcer-plugin:1.4.1:enforce (enforce-versions) @ dollar ---
[INFO] 
[INFO] <<< maven-source-plugin:3.0.1:jar (attach-sources) < generate-sources @ dollar <<<
[INFO] 
[INFO] 
[INFO] --- maven-source-plugin:3.0.1:jar (attach-sources) @ dollar ---
[INFO] 
[INFO] --- maven-install-plugin:2.5.2:install (default-install) @ dollar ---
[INFO] Installing /Users/neil/dev/dollar/pom.xml to /Users/neil/.m2/repository/com/sillelien/dollar/0-SNAPSHOT/dollar-0-SNAPSHOT.pom
[INFO] Installing /Users/neil/dev/dollar/target/dollar-0-SNAPSHOT-site.xml to /Users/neil/.m2/repository/com/sillelien/dollar/0-SNAPSHOT/dollar-0-SNAPSHOT-site.xml
[INFO] 
[INFO] ------------------------------------------------------------------------
[INFO] Building Dollar Core - API for writing dynamic Java 0-SNAPSHOT
[INFO] ------------------------------------------------------------------------
[INFO] 
[INFO] --- maven-clean-plugin:3.0.0:clean (default-clean) @ dollar-core ---
[INFO] Deleting /Users/neil/dev/dollar/dollar-core/target
[INFO] 
[INFO] --- maven-enforcer-plugin:1.4.1:enforce (enforce-versions) @ dollar-core ---
[INFO] 
[INFO] --- maven-resources-plugin:3.0.2:resources (default-resources) @ dollar-core ---
[INFO] Using 'UTF-8' encoding to copy filtered resources.
[INFO] Copying 2 resources
[INFO] 
[INFO] --- maven-compiler-plugin:3.6.1:compile (default-compile) @ dollar-core ---
[INFO] Changes detected - recompiling the module!
[INFO] Compiling 93 source files to /Users/neil/dev/dollar/dollar-core/target/classes
[INFO] /Users/neil/dev/dollar/dollar-core/src/main/java/dollar/api/types/AbstractDollar.java: /Users/neil/dev/dollar/dollar-core/src/main/java/dollar/api/types/AbstractDollar.java uses or overrides a deprecated API.
[INFO] /Users/neil/dev/dollar/dollar-core/src/main/java/dollar/api/types/AbstractDollar.java: Recompile with -Xlint:deprecation for details.
[INFO] /Users/neil/dev/dollar/dollar-core/src/main/java/dollar/api/json/JsonArray.java: Some input files use unchecked or unsafe operations.
[INFO] /Users/neil/dev/dollar/dollar-core/src/main/java/dollar/api/json/JsonArray.java: Recompile with -Xlint:unchecked for details.
[INFO] 
[INFO] --- maven-resources-plugin:3.0.2:testResources (default-testResources) @ dollar-core ---
[INFO] Using 'UTF-8' encoding to copy filtered resources.
[INFO] Copying 27 resources
[INFO] 
[INFO] --- maven-compiler-plugin:3.6.1:testCompile (default-testCompile) @ dollar-core ---
[INFO] Changes detected - recompiling the module!
[INFO] Compiling 16 source files to /Users/neil/dev/dollar/dollar-core/target/test-classes
[INFO] /Users/neil/dev/dollar/dollar-core/src/test/java/dollar/DollarRedisTest.java: Some input files use or override a deprecated API.
[INFO] /Users/neil/dev/dollar/dollar-core/src/test/java/dollar/DollarRedisTest.java: Recompile with -Xlint:deprecation for details.
[INFO] 
[INFO] --- maven-surefire-plugin:2.20:test (default-test) @ dollar-core ---
[INFO] 
[INFO] -------------------------------------------------------
[INFO]  T E S T S
[INFO] -------------------------------------------------------
[INFO] Running dollar.DollarErrorTest
[INFO] Tests run: 1, Failures: 0, Errors: 0, Skipped: 0, Time elapsed: 0.002 s - in dollar.DollarErrorTest
[INFO] Running dollar.DollarNumberTest
[INFO] Tests run: 4, Failures: 0, Errors: 0, Skipped: 0, Time elapsed: 0.075 s - in dollar.DollarNumberTest
[INFO] Running dollar.DollarControlFlowTest
[INFO] Tests run: 1, Failures: 0, Errors: 0, Skipped: 0, Time elapsed: 0.01 s - in dollar.DollarControlFlowTest
[INFO] Running dollar.DollarQueueTest
[INFO] Tests run: 2, Failures: 0, Errors: 0, Skipped: 0, Time elapsed: 0.027 s - in dollar.DollarQueueTest
[INFO] Running dollar.DollarArrayTest
[INFO] Tests run: 1, Failures: 0, Errors: 0, Skipped: 0, Time elapsed: 1.702 s - in dollar.DollarArrayTest
[INFO] Running dollar.DollarVoidTest
[INFO] Tests run: 1, Failures: 0, Errors: 0, Skipped: 0, Time elapsed: 0.004 s - in dollar.DollarVoidTest
[INFO] Running dollar.DollarMapTest
{"color":"red"}[INFO] Tests run: 1, Failures: 0, Errors: 0, Skipped: 0, Time elapsed: 1.542 s - in dollar.DollarMapTest
[INFO] Running dollar.FromJsonStringTest
[INFO] Tests run: 1, Failures: 0, Errors: 0, Skipped: 0, Time elapsed: 0.18 s - in dollar.FromJsonStringTest
[INFO] Running dollar.DollarYamlTest
[INFO] Tests run: 1, Failures: 0, Errors: 0, Skipped: 0, Time elapsed: 0.658 s - in dollar.DollarYamlTest
[INFO] Running dollar.DollarRangeTest
[INFO] Tests run: 1, Failures: 0, Errors: 0, Skipped: 0, Time elapsed: 2.004 s - in dollar.DollarRangeTest
[INFO] Running dollar.ToStringTest
[INFO] Tests run: 5, Failures: 0, Errors: 0, Skipped: 0, Time elapsed: 0.137 s - in dollar.ToStringTest
[INFO] Running dollar.DollarOperatorsRegressionTest
/Users/neil/dev/dollar/dollar-core/target/minus.small.json
/Users/neil/dev/dollar/dollar-core/target/minus.minimal.json
/Users/neil/dev/dollar/dollar-core/target/divide.all.json
/Users/neil/dev/dollar/dollar-core/target/divide.minimal.json
/Users/neil/dev/dollar/dollar-core/target/plus.all.json
/Users/neil/dev/dollar/dollar-core/target/plus.minimal.json
[INFO] Tests run: 3, Failures: 0, Errors: 0, Skipped: 0, Time elapsed: 28.24 s - in dollar.DollarOperatorsRegressionTest
[INFO] 
[INFO] Results:
[INFO] 
[INFO] Tests run: 22, Failures: 0, Errors: 0, Skipped: 0
[INFO] 
[INFO] 
[INFO] --- maven-jar-plugin:3.0.2:jar (default-jar) @ dollar-core ---
[INFO] Building jar: /Users/neil/dev/dollar/dollar-core/target/dollar-core-0-SNAPSHOT.jar
[INFO] 
[INFO] --- maven-javadoc-plugin:2.10.4:jar (attach-javadocs) @ dollar-core ---
[INFO] 
Loading source files for package dollar.api.collections...
Loading source files for package dollar.api...
Loading source files for package dollar.api.exceptions...
Loading source files for package dollar.api.execution...
Loading source files for package dollar.api.guard...
Loading source files for package dollar.api.js...
Loading source files for package dollar.api.json...
Loading source files for package dollar.api.json.impl...
Loading source files for package dollar.api.monitor...
Loading source files for package dollar.api.plugin...
Loading source files for package dollar.api.script...
Loading source files for package dollar.api.scripting...
Loading source files for package dollar.api.time...
Loading source files for package dollar.api.types...
Loading source files for package dollar.api.types.meta...
Loading source files for package dollar.api.types.prediction...
Loading source files for package dollar.api.uri...
Loading source files for package dollar.test...
Constructing Javadoc information...
Standard Doclet version 1.8.0_144
Building tree for all the packages and classes...
Generating /Users/neil/dev/dollar/dollar-core/target/apidocs/dollar/api/collections/CollectionUtil.html...
Generating /Users/neil/dev/dollar/dollar-core/target/apidocs/dollar/api/Configuration.html...
Generating /Users/neil/dev/dollar/dollar-core/target/apidocs/dollar/api/DollarClass.html...
Generating /Users/neil/dev/dollar/dollar-core/target/apidocs/dollar/api/DollarException.html...
Generating /Users/neil/dev/dollar/dollar-core/target/apidocs/dollar/api/DollarStatic.html...
Generating /Users/neil/dev/dollar/dollar-core/target/apidocs/dollar/api/DollarThreadContext.html...
Generating /Users/neil/dev/dollar/dollar-core/target/apidocs/dollar/api/Pipeable.html...
Generating /Users/neil/dev/dollar/dollar-core/target/apidocs/dollar/api/PipeAware.html...
Generating /Users/neil/dev/dollar/dollar-core/target/apidocs/dollar/api/Scope.html...
Generating /Users/neil/dev/dollar/dollar-core/target/apidocs/dollar/api/Scope.Listener.html...
Generating /Users/neil/dev/dollar/dollar-core/target/apidocs/dollar/api/Signal.html...
Generating /Users/neil/dev/dollar/dollar-core/target/apidocs/dollar/api/StateAware.html...
Generating /Users/neil/dev/dollar/dollar-core/target/apidocs/dollar/api/StateTracer.html...
Generating /Users/neil/dev/dollar/dollar-core/target/apidocs/dollar/api/StateTracer.Operations.html...
Generating /Users/neil/dev/dollar/dollar-core/target/apidocs/dollar/api/SubType.html...
Generating /Users/neil/dev/dollar/dollar-core/target/apidocs/dollar/api/SystemPropertyConfiguration.html...
Generating /Users/neil/dev/dollar/dollar-core/target/apidocs/dollar/api/Type.html...
Generating /Users/neil/dev/dollar/dollar-core/target/apidocs/dollar/api/TypePrediction.html...
Generating /Users/neil/dev/dollar/dollar-core/target/apidocs/dollar/api/var.html...
Generating /Users/neil/dev/dollar/dollar-core/target/apidocs/dollar/api/VarFlags.html...
Generating /Users/neil/dev/dollar/dollar-core/target/apidocs/dollar/api/Variable.html...
Generating /Users/neil/dev/dollar/dollar-core/target/apidocs/dollar/api/exceptions/DollarFailureException.html...
Generating /Users/neil/dev/dollar/dollar-core/target/apidocs/dollar/api/exceptions/LambdaRecursionException.html...
Generating /Users/neil/dev/dollar/dollar-core/target/apidocs/dollar/api/exceptions/ValidationException.html...
Generating /Users/neil/dev/dollar/dollar-core/target/apidocs/dollar/api/execution/DefaultDollarExecutor.html...
Generating /Users/neil/dev/dollar/dollar-core/target/apidocs/dollar/api/execution/DollarExecutor.html...
Generating /Users/neil/dev/dollar/dollar-core/target/apidocs/dollar/api/guard/AllVarCollectionGuard.html...
Generating /Users/neil/dev/dollar/dollar-core/target/apidocs/dollar/api/guard/AllVarMapGuard.html...
Generating /Users/neil/dev/dollar/dollar-core/target/apidocs/dollar/api/guard/ChainGuard.html...
Generating /Users/neil/dev/dollar/dollar-core/target/apidocs/dollar/api/guard/Guard.html...
Generating /Users/neil/dev/dollar/dollar-core/target/apidocs/dollar/api/guard/Guarded.html...
Generating /Users/neil/dev/dollar/dollar-core/target/apidocs/dollar/api/guard/Guards.html...
Generating /Users/neil/dev/dollar/dollar-core/target/apidocs/dollar/api/guard/NotNullCollectionGuard.html...
Generating /Users/neil/dev/dollar/dollar-core/target/apidocs/dollar/api/guard/NotNullGuard.html...
Generating /Users/neil/dev/dollar/dollar-core/target/apidocs/dollar/api/guard/NotNullParametersGuard.html...
Generating /Users/neil/dev/dollar/dollar-core/target/apidocs/dollar/api/guard/ReturnVarOnlyGuard.html...
Generating /Users/neil/dev/dollar/dollar-core/target/apidocs/dollar/api/guard/SetKeyValueGuard.html...
Generating /Users/neil/dev/dollar/dollar-core/target/apidocs/dollar/api/guard/VarOnlyGuard.html...
Generating /Users/neil/dev/dollar/dollar-core/target/apidocs/dollar/api/guard/VarParametersOnlyGuard.html...
Generating /Users/neil/dev/dollar/dollar-core/target/apidocs/dollar/api/js/JSFileScript.html...
Generating /Users/neil/dev/dollar/dollar-core/target/apidocs/dollar/api/json/DecodeException.html...
Generating /Users/neil/dev/dollar/dollar-core/target/apidocs/dollar/api/json/EncodeException.html...
Generating /Users/neil/dev/dollar/dollar-core/target/apidocs/dollar/api/json/ImmutableJsonObject.html...
Generating /Users/neil/dev/dollar/dollar-core/target/apidocs/dollar/api/json/JsonArray.html...
Generating /Users/neil/dev/dollar/dollar-core/target/apidocs/dollar/api/json/JsonElement.html...
Generating /Users/neil/dev/dollar/dollar-core/target/apidocs/dollar/api/json/JsonObject.html...
Generating /Users/neil/dev/dollar/dollar-core/target/apidocs/dollar/api/json/JsonUtil.html...
Generating /Users/neil/dev/dollar/dollar-core/target/apidocs/dollar/api/json/impl/Json.html...
Generating /Users/neil/dev/dollar/dollar-core/target/apidocs/dollar/api/monitor/DollarMonitor.html...
Generating /Users/neil/dev/dollar/dollar-core/target/apidocs/dollar/api/monitor/SimpleLogStateTracer.html...
Generating /Users/neil/dev/dollar/dollar-core/target/apidocs/dollar/api/plugin/ExtensionPoint.html...
Generating /Users/neil/dev/dollar/dollar-core/target/apidocs/dollar/api/plugin/NoOpProxy.html...
Generating /Users/neil/dev/dollar/dollar-core/target/apidocs/dollar/api/plugin/Plugins.html...
Generating /Users/neil/dev/dollar/dollar-core/target/apidocs/dollar/api/plugin/SingletonExtensionPoint.html...
Generating /Users/neil/dev/dollar/dollar-core/target/apidocs/dollar/api/script/ModuleResolver.html...
Generating /Users/neil/dev/dollar/dollar-core/target/apidocs/dollar/api/script/Source.html...
Generating /Users/neil/dev/dollar/dollar-core/target/apidocs/dollar/api/script/TypeLearner.html...
Generating /Users/neil/dev/dollar/dollar-core/target/apidocs/dollar/api/scripting/ScriptingLanguage.html...
Generating /Users/neil/dev/dollar/dollar-core/target/apidocs/dollar/api/scripting/ScriptingSupport.html...
Generating /Users/neil/dev/dollar/dollar-core/target/apidocs/dollar/api/time/Scheduler.html...
Generating /Users/neil/dev/dollar/dollar-core/target/apidocs/dollar/api/types/AbstractDollar.html...
Generating /Users/neil/dev/dollar/dollar-core/target/apidocs/dollar/api/types/AbstractDollarSingleValue.html...
Generating /Users/neil/dev/dollar/dollar-core/target/apidocs/dollar/api/types/ConstraintViolation.html...
Generating /Users/neil/dev/dollar/dollar-core/target/apidocs/dollar/api/types/DollarBlockCollection.html...
Generating /Users/neil/dev/dollar/dollar-core/target/apidocs/dollar/api/types/DollarBoolean.html...
Generating /Users/neil/dev/dollar/dollar-core/target/apidocs/dollar/api/types/DollarDate.html...
Generating /Users/neil/dev/dollar/dollar-core/target/apidocs/dollar/api/types/DollarDecimal.html...
Generating /Users/neil/dev/dollar/dollar-core/target/apidocs/dollar/api/types/DollarError.html...
Generating /Users/neil/dev/dollar/dollar-core/target/apidocs/dollar/api/types/DollarFactory.html...
Generating /Users/neil/dev/dollar/dollar-core/target/apidocs/dollar/api/types/DollarFuture.html...
Generating /Users/neil/dev/dollar/dollar-core/target/apidocs/dollar/api/types/DollarGuard.html...
Generating /Users/neil/dev/dollar/dollar-core/target/apidocs/dollar/api/types/DollarInfinity.html...
Generating /Users/neil/dev/dollar/dollar-core/target/apidocs/dollar/api/types/DollarInteger.html...
Generating /Users/neil/dev/dollar/dollar-core/target/apidocs/dollar/api/types/DollarLambda.html...
Generating /Users/neil/dev/dollar/dollar-core/target/apidocs/dollar/api/types/DollarList.html...
Generating /Users/neil/dev/dollar/dollar-core/target/apidocs/dollar/api/types/DollarMap.html...
Generating /Users/neil/dev/dollar/dollar-core/target/apidocs/dollar/api/types/DollarNull.html...
Generating /Users/neil/dev/dollar/dollar-core/target/apidocs/dollar/api/types/DollarQueue.html...
Generating /Users/neil/dev/dollar/dollar-core/target/apidocs/dollar/api/types/DollarRange.html...
Generating /Users/neil/dev/dollar/dollar-core/target/apidocs/dollar/api/types/DollarString.html...
Generating /Users/neil/dev/dollar/dollar-core/target/apidocs/dollar/api/types/DollarURI.html...
Generating /Users/neil/dev/dollar/dollar-core/target/apidocs/dollar/api/types/DollarVoid.html...
Generating /Users/neil/dev/dollar/dollar-core/target/apidocs/dollar/api/types/DollarWrapper.html...
Generating /Users/neil/dev/dollar/dollar-core/target/apidocs/dollar/api/types/ErrorType.html...
Generating /Users/neil/dev/dollar/dollar-core/target/apidocs/dollar/api/types/ResourceState.html...
Generating /Users/neil/dev/dollar/dollar-core/target/apidocs/dollar/api/types/SerializedType.html...
Generating /Users/neil/dev/dollar/dollar-core/target/apidocs/dollar/api/types/meta/MetaConstants.html...
Generating /Users/neil/dev/dollar/dollar-core/target/apidocs/dollar/api/types/prediction/CountBasedTypePrediction.html...
Generating /Users/neil/dev/dollar/dollar-core/target/apidocs/dollar/api/types/prediction/SingleValueTypePrediction.html...
Generating /Users/neil/dev/dollar/dollar-core/target/apidocs/dollar/api/uri/URI.html...
Generating /Users/neil/dev/dollar/dollar-core/target/apidocs/dollar/api/uri/URIHandler.html...
Generating /Users/neil/dev/dollar/dollar-core/target/apidocs/dollar/api/uri/URIHandlerFactory.html...
Generating /Users/neil/dev/dollar/dollar-core/target/apidocs/dollar/test/CircleCiParallelRule.html...
Generating /Users/neil/dev/dollar/dollar-core/target/apidocs/dollar/test/TestGenerator.html...
Generating /Users/neil/dev/dollar/dollar-core/target/apidocs/overview-frame.html...
Generating /Users/neil/dev/dollar/dollar-core/target/apidocs/dollar/api/package-frame.html...
Generating /Users/neil/dev/dollar/dollar-core/target/apidocs/dollar/api/package-summary.html...
Generating /Users/neil/dev/dollar/dollar-core/target/apidocs/dollar/api/package-tree.html...
Generating /Users/neil/dev/dollar/dollar-core/target/apidocs/dollar/api/collections/package-frame.html...
Generating /Users/neil/dev/dollar/dollar-core/target/apidocs/dollar/api/collections/package-summary.html...
Generating /Users/neil/dev/dollar/dollar-core/target/apidocs/dollar/api/collections/package-tree.html...
Generating /Users/neil/dev/dollar/dollar-core/target/apidocs/dollar/api/exceptions/package-frame.html...
Generating /Users/neil/dev/dollar/dollar-core/target/apidocs/dollar/api/exceptions/package-summary.html...
Generating /Users/neil/dev/dollar/dollar-core/target/apidocs/dollar/api/exceptions/package-tree.html...
Generating /Users/neil/dev/dollar/dollar-core/target/apidocs/dollar/api/execution/package-frame.html...
Generating /Users/neil/dev/dollar/dollar-core/target/apidocs/dollar/api/execution/package-summary.html...
Generating /Users/neil/dev/dollar/dollar-core/target/apidocs/dollar/api/execution/package-tree.html...
Generating /Users/neil/dev/dollar/dollar-core/target/apidocs/dollar/api/guard/package-frame.html...
Generating /Users/neil/dev/dollar/dollar-core/target/apidocs/dollar/api/guard/package-summary.html...
Generating /Users/neil/dev/dollar/dollar-core/target/apidocs/dollar/api/guard/package-tree.html...
Generating /Users/neil/dev/dollar/dollar-core/target/apidocs/dollar/api/js/package-frame.html...
Generating /Users/neil/dev/dollar/dollar-core/target/apidocs/dollar/api/js/package-summary.html...
Generating /Users/neil/dev/dollar/dollar-core/target/apidocs/dollar/api/js/package-tree.html...
Generating /Users/neil/dev/dollar/dollar-core/target/apidocs/dollar/api/json/package-frame.html...
Generating /Users/neil/dev/dollar/dollar-core/target/apidocs/dollar/api/json/package-summary.html...
Generating /Users/neil/dev/dollar/dollar-core/target/apidocs/dollar/api/json/package-tree.html...
Generating /Users/neil/dev/dollar/dollar-core/target/apidocs/dollar/api/json/impl/package-frame.html...
Generating /Users/neil/dev/dollar/dollar-core/target/apidocs/dollar/api/json/impl/package-summary.html...
Generating /Users/neil/dev/dollar/dollar-core/target/apidocs/dollar/api/json/impl/package-tree.html...
Generating /Users/neil/dev/dollar/dollar-core/target/apidocs/dollar/api/monitor/package-frame.html...
Generating /Users/neil/dev/dollar/dollar-core/target/apidocs/dollar/api/monitor/package-summary.html...
Generating /Users/neil/dev/dollar/dollar-core/target/apidocs/dollar/api/monitor/package-tree.html...
Generating /Users/neil/dev/dollar/dollar-core/target/apidocs/dollar/api/plugin/package-frame.html...
Generating /Users/neil/dev/dollar/dollar-core/target/apidocs/dollar/api/plugin/package-summary.html...
Generating /Users/neil/dev/dollar/dollar-core/target/apidocs/dollar/api/plugin/package-tree.html...
Generating /Users/neil/dev/dollar/dollar-core/target/apidocs/dollar/api/script/package-frame.html...
Generating /Users/neil/dev/dollar/dollar-core/target/apidocs/dollar/api/script/package-summary.html...
Generating /Users/neil/dev/dollar/dollar-core/target/apidocs/dollar/api/script/package-tree.html...
Generating /Users/neil/dev/dollar/dollar-core/target/apidocs/dollar/api/scripting/package-frame.html...
Generating /Users/neil/dev/dollar/dollar-core/target/apidocs/dollar/api/scripting/package-summary.html...
Generating /Users/neil/dev/dollar/dollar-core/target/apidocs/dollar/api/scripting/package-tree.html...
Generating /Users/neil/dev/dollar/dollar-core/target/apidocs/dollar/api/time/package-frame.html...
Generating /Users/neil/dev/dollar/dollar-core/target/apidocs/dollar/api/time/package-summary.html...
Generating /Users/neil/dev/dollar/dollar-core/target/apidocs/dollar/api/time/package-tree.html...
Generating /Users/neil/dev/dollar/dollar-core/target/apidocs/dollar/api/types/package-frame.html...
Generating /Users/neil/dev/dollar/dollar-core/target/apidocs/dollar/api/types/package-summary.html...
Generating /Users/neil/dev/dollar/dollar-core/target/apidocs/dollar/api/types/package-tree.html...
Generating /Users/neil/dev/dollar/dollar-core/target/apidocs/dollar/api/types/meta/package-frame.html...
Generating /Users/neil/dev/dollar/dollar-core/target/apidocs/dollar/api/types/meta/package-summary.html...
Generating /Users/neil/dev/dollar/dollar-core/target/apidocs/dollar/api/types/meta/package-tree.html...
Generating /Users/neil/dev/dollar/dollar-core/target/apidocs/dollar/api/types/prediction/package-frame.html...
Generating /Users/neil/dev/dollar/dollar-core/target/apidocs/dollar/api/types/prediction/package-summary.html...
Generating /Users/neil/dev/dollar/dollar-core/target/apidocs/dollar/api/types/prediction/package-tree.html...
Generating /Users/neil/dev/dollar/dollar-core/target/apidocs/dollar/api/uri/package-frame.html...
Generating /Users/neil/dev/dollar/dollar-core/target/apidocs/dollar/api/uri/package-summary.html...
Generating /Users/neil/dev/dollar/dollar-core/target/apidocs/dollar/api/uri/package-tree.html...
Generating /Users/neil/dev/dollar/dollar-core/target/apidocs/dollar/test/package-frame.html...
Generating /Users/neil/dev/dollar/dollar-core/target/apidocs/dollar/test/package-summary.html...
Generating /Users/neil/dev/dollar/dollar-core/target/apidocs/dollar/test/package-tree.html...
Generating /Users/neil/dev/dollar/dollar-core/target/apidocs/constant-values.html...
Generating /Users/neil/dev/dollar/dollar-core/target/apidocs/serialized-form.html...
Generating /Users/neil/dev/dollar/dollar-core/target/apidocs/dollar/api/collections/class-use/CollectionUtil.html...
Generating /Users/neil/dev/dollar/dollar-core/target/apidocs/dollar/api/class-use/Variable.html...
Generating /Users/neil/dev/dollar/dollar-core/target/apidocs/dollar/api/class-use/VarFlags.html...
Generating /Users/neil/dev/dollar/dollar-core/target/apidocs/dollar/api/class-use/var.html...
Generating /Users/neil/dev/dollar/dollar-core/target/apidocs/dollar/api/class-use/TypePrediction.html...
Generating /Users/neil/dev/dollar/dollar-core/target/apidocs/dollar/api/class-use/Type.html...
Generating /Users/neil/dev/dollar/dollar-core/target/apidocs/dollar/api/class-use/SystemPropertyConfiguration.html...
Generating /Users/neil/dev/dollar/dollar-core/target/apidocs/dollar/api/class-use/SubType.html...
Generating /Users/neil/dev/dollar/dollar-core/target/apidocs/dollar/api/class-use/StateTracer.html...
Generating /Users/neil/dev/dollar/dollar-core/target/apidocs/dollar/api/class-use/StateTracer.Operations.html...
Generating /Users/neil/dev/dollar/dollar-core/target/apidocs/dollar/api/class-use/StateAware.html...
Generating /Users/neil/dev/dollar/dollar-core/target/apidocs/dollar/api/class-use/Signal.html...
Generating /Users/neil/dev/dollar/dollar-core/target/apidocs/dollar/api/class-use/Scope.html...
Generating /Users/neil/dev/dollar/dollar-core/target/apidocs/dollar/api/class-use/Scope.Listener.html...
Generating /Users/neil/dev/dollar/dollar-core/target/apidocs/dollar/api/class-use/PipeAware.html...
Generating /Users/neil/dev/dollar/dollar-core/target/apidocs/dollar/api/class-use/Pipeable.html...
Generating /Users/neil/dev/dollar/dollar-core/target/apidocs/dollar/api/class-use/DollarThreadContext.html...
Generating /Users/neil/dev/dollar/dollar-core/target/apidocs/dollar/api/class-use/DollarStatic.html...
Generating /Users/neil/dev/dollar/dollar-core/target/apidocs/dollar/api/class-use/DollarException.html...
Generating /Users/neil/dev/dollar/dollar-core/target/apidocs/dollar/api/class-use/DollarClass.html...
Generating /Users/neil/dev/dollar/dollar-core/target/apidocs/dollar/api/class-use/Configuration.html...
Generating /Users/neil/dev/dollar/dollar-core/target/apidocs/dollar/api/exceptions/class-use/ValidationException.html...
Generating /Users/neil/dev/dollar/dollar-core/target/apidocs/dollar/api/exceptions/class-use/LambdaRecursionException.html...
Generating /Users/neil/dev/dollar/dollar-core/target/apidocs/dollar/api/exceptions/class-use/DollarFailureException.html...
Generating /Users/neil/dev/dollar/dollar-core/target/apidocs/dollar/api/execution/class-use/DollarExecutor.html...
Generating /Users/neil/dev/dollar/dollar-core/target/apidocs/dollar/api/execution/class-use/DefaultDollarExecutor.html...
Generating /Users/neil/dev/dollar/dollar-core/target/apidocs/dollar/api/guard/class-use/VarParametersOnlyGuard.html...
Generating /Users/neil/dev/dollar/dollar-core/target/apidocs/dollar/api/guard/class-use/VarOnlyGuard.html...
Generating /Users/neil/dev/dollar/dollar-core/target/apidocs/dollar/api/guard/class-use/SetKeyValueGuard.html...
Generating /Users/neil/dev/dollar/dollar-core/target/apidocs/dollar/api/guard/class-use/ReturnVarOnlyGuard.html...
Generating /Users/neil/dev/dollar/dollar-core/target/apidocs/dollar/api/guard/class-use/NotNullParametersGuard.html...
Generating /Users/neil/dev/dollar/dollar-core/target/apidocs/dollar/api/guard/class-use/NotNullGuard.html...
Generating /Users/neil/dev/dollar/dollar-core/target/apidocs/dollar/api/guard/class-use/NotNullCollectionGuard.html...
Generating /Users/neil/dev/dollar/dollar-core/target/apidocs/dollar/api/guard/class-use/Guards.html...
Generating /Users/neil/dev/dollar/dollar-core/target/apidocs/dollar/api/guard/class-use/Guarded.html...
Generating /Users/neil/dev/dollar/dollar-core/target/apidocs/dollar/api/guard/class-use/Guard.html...
Generating /Users/neil/dev/dollar/dollar-core/target/apidocs/dollar/api/guard/class-use/ChainGuard.html...
Generating /Users/neil/dev/dollar/dollar-core/target/apidocs/dollar/api/guard/class-use/AllVarMapGuard.html...
Generating /Users/neil/dev/dollar/dollar-core/target/apidocs/dollar/api/guard/class-use/AllVarCollectionGuard.html...
Generating /Users/neil/dev/dollar/dollar-core/target/apidocs/dollar/api/js/class-use/JSFileScript.html...
Generating /Users/neil/dev/dollar/dollar-core/target/apidocs/dollar/api/json/class-use/JsonUtil.html...
Generating /Users/neil/dev/dollar/dollar-core/target/apidocs/dollar/api/json/class-use/JsonObject.html...
Generating /Users/neil/dev/dollar/dollar-core/target/apidocs/dollar/api/json/class-use/JsonElement.html...
Generating /Users/neil/dev/dollar/dollar-core/target/apidocs/dollar/api/json/class-use/JsonArray.html...
Generating /Users/neil/dev/dollar/dollar-core/target/apidocs/dollar/api/json/class-use/ImmutableJsonObject.html...
Generating /Users/neil/dev/dollar/dollar-core/target/apidocs/dollar/api/json/class-use/EncodeException.html...
Generating /Users/neil/dev/dollar/dollar-core/target/apidocs/dollar/api/json/class-use/DecodeException.html...
Generating /Users/neil/dev/dollar/dollar-core/target/apidocs/dollar/api/json/impl/class-use/Json.html...
Generating /Users/neil/dev/dollar/dollar-core/target/apidocs/dollar/api/monitor/class-use/SimpleLogStateTracer.html...
Generating /Users/neil/dev/dollar/dollar-core/target/apidocs/dollar/api/monitor/class-use/DollarMonitor.html...
Generating /Users/neil/dev/dollar/dollar-core/target/apidocs/dollar/api/plugin/class-use/SingletonExtensionPoint.html...
Generating /Users/neil/dev/dollar/dollar-core/target/apidocs/dollar/api/plugin/class-use/Plugins.html...
Generating /Users/neil/dev/dollar/dollar-core/target/apidocs/dollar/api/plugin/class-use/NoOpProxy.html...
Generating /Users/neil/dev/dollar/dollar-core/target/apidocs/dollar/api/plugin/class-use/ExtensionPoint.html...
Generating /Users/neil/dev/dollar/dollar-core/target/apidocs/dollar/api/script/class-use/TypeLearner.html...
Generating /Users/neil/dev/dollar/dollar-core/target/apidocs/dollar/api/script/class-use/Source.html...
Generating /Users/neil/dev/dollar/dollar-core/target/apidocs/dollar/api/script/class-use/ModuleResolver.html...
Generating /Users/neil/dev/dollar/dollar-core/target/apidocs/dollar/api/scripting/class-use/ScriptingSupport.html...
Generating /Users/neil/dev/dollar/dollar-core/target/apidocs/dollar/api/scripting/class-use/ScriptingLanguage.html...
Generating /Users/neil/dev/dollar/dollar-core/target/apidocs/dollar/api/time/class-use/Scheduler.html...
Generating /Users/neil/dev/dollar/dollar-core/target/apidocs/dollar/api/types/class-use/SerializedType.html...
Generating /Users/neil/dev/dollar/dollar-core/target/apidocs/dollar/api/types/class-use/ResourceState.html...
Generating /Users/neil/dev/dollar/dollar-core/target/apidocs/dollar/api/types/class-use/ErrorType.html...
Generating /Users/neil/dev/dollar/dollar-core/target/apidocs/dollar/api/types/class-use/DollarWrapper.html...
Generating /Users/neil/dev/dollar/dollar-core/target/apidocs/dollar/api/types/class-use/DollarVoid.html...
Generating /Users/neil/dev/dollar/dollar-core/target/apidocs/dollar/api/types/class-use/DollarURI.html...
Generating /Users/neil/dev/dollar/dollar-core/target/apidocs/dollar/api/types/class-use/DollarString.html...
Generating /Users/neil/dev/dollar/dollar-core/target/apidocs/dollar/api/types/class-use/DollarRange.html...
Generating /Users/neil/dev/dollar/dollar-core/target/apidocs/dollar/api/types/class-use/DollarQueue.html...
Generating /Users/neil/dev/dollar/dollar-core/target/apidocs/dollar/api/types/class-use/DollarNull.html...
Generating /Users/neil/dev/dollar/dollar-core/target/apidocs/dollar/api/types/class-use/DollarMap.html...
Generating /Users/neil/dev/dollar/dollar-core/target/apidocs/dollar/api/types/class-use/DollarList.html...
Generating /Users/neil/dev/dollar/dollar-core/target/apidocs/dollar/api/types/class-use/DollarLambda.html...
Generating /Users/neil/dev/dollar/dollar-core/target/apidocs/dollar/api/types/class-use/DollarInteger.html...
Generating /Users/neil/dev/dollar/dollar-core/target/apidocs/dollar/api/types/class-use/DollarInfinity.html...
Generating /Users/neil/dev/dollar/dollar-core/target/apidocs/dollar/api/types/class-use/DollarGuard.html...
Generating /Users/neil/dev/dollar/dollar-core/target/apidocs/dollar/api/types/class-use/DollarFuture.html...
Generating /Users/neil/dev/dollar/dollar-core/target/apidocs/dollar/api/types/class-use/DollarFactory.html...
Generating /Users/neil/dev/dollar/dollar-core/target/apidocs/dollar/api/types/class-use/DollarError.html...
Generating /Users/neil/dev/dollar/dollar-core/target/apidocs/dollar/api/types/class-use/DollarDecimal.html...
Generating /Users/neil/dev/dollar/dollar-core/target/apidocs/dollar/api/types/class-use/DollarDate.html...
Generating /Users/neil/dev/dollar/dollar-core/target/apidocs/dollar/api/types/class-use/DollarBoolean.html...
Generating /Users/neil/dev/dollar/dollar-core/target/apidocs/dollar/api/types/class-use/DollarBlockCollection.html...
Generating /Users/neil/dev/dollar/dollar-core/target/apidocs/dollar/api/types/class-use/ConstraintViolation.html...
Generating /Users/neil/dev/dollar/dollar-core/target/apidocs/dollar/api/types/class-use/AbstractDollarSingleValue.html...
Generating /Users/neil/dev/dollar/dollar-core/target/apidocs/dollar/api/types/class-use/AbstractDollar.html...
Generating /Users/neil/dev/dollar/dollar-core/target/apidocs/dollar/api/types/meta/class-use/MetaConstants.html...
Generating /Users/neil/dev/dollar/dollar-core/target/apidocs/dollar/api/types/prediction/class-use/SingleValueTypePrediction.html...
Generating /Users/neil/dev/dollar/dollar-core/target/apidocs/dollar/api/types/prediction/class-use/CountBasedTypePrediction.html...
Generating /Users/neil/dev/dollar/dollar-core/target/apidocs/dollar/api/uri/class-use/URIHandlerFactory.html...
Generating /Users/neil/dev/dollar/dollar-core/target/apidocs/dollar/api/uri/class-use/URIHandler.html...
Generating /Users/neil/dev/dollar/dollar-core/target/apidocs/dollar/api/uri/class-use/URI.html...
Generating /Users/neil/dev/dollar/dollar-core/target/apidocs/dollar/test/class-use/TestGenerator.html...
Generating /Users/neil/dev/dollar/dollar-core/target/apidocs/dollar/test/class-use/CircleCiParallelRule.html...
Generating /Users/neil/dev/dollar/dollar-core/target/apidocs/dollar/api/package-use.html...
Generating /Users/neil/dev/dollar/dollar-core/target/apidocs/dollar/api/collections/package-use.html...
Generating /Users/neil/dev/dollar/dollar-core/target/apidocs/dollar/api/exceptions/package-use.html...
Generating /Users/neil/dev/dollar/dollar-core/target/apidocs/dollar/api/execution/package-use.html...
Generating /Users/neil/dev/dollar/dollar-core/target/apidocs/dollar/api/guard/package-use.html...
Generating /Users/neil/dev/dollar/dollar-core/target/apidocs/dollar/api/js/package-use.html...
Generating /Users/neil/dev/dollar/dollar-core/target/apidocs/dollar/api/json/package-use.html...
Generating /Users/neil/dev/dollar/dollar-core/target/apidocs/dollar/api/json/impl/package-use.html...
Generating /Users/neil/dev/dollar/dollar-core/target/apidocs/dollar/api/monitor/package-use.html...
Generating /Users/neil/dev/dollar/dollar-core/target/apidocs/dollar/api/plugin/package-use.html...
Generating /Users/neil/dev/dollar/dollar-core/target/apidocs/dollar/api/script/package-use.html...
Generating /Users/neil/dev/dollar/dollar-core/target/apidocs/dollar/api/scripting/package-use.html...
Generating /Users/neil/dev/dollar/dollar-core/target/apidocs/dollar/api/time/package-use.html...
Generating /Users/neil/dev/dollar/dollar-core/target/apidocs/dollar/api/types/package-use.html...
Generating /Users/neil/dev/dollar/dollar-core/target/apidocs/dollar/api/types/meta/package-use.html...
Generating /Users/neil/dev/dollar/dollar-core/target/apidocs/dollar/api/types/prediction/package-use.html...
Generating /Users/neil/dev/dollar/dollar-core/target/apidocs/dollar/api/uri/package-use.html...
Generating /Users/neil/dev/dollar/dollar-core/target/apidocs/dollar/test/package-use.html...
Building index for all the packages and classes...
Generating /Users/neil/dev/dollar/dollar-core/target/apidocs/overview-tree.html...
Generating /Users/neil/dev/dollar/dollar-core/target/apidocs/index-all.html...
Generating /Users/neil/dev/dollar/dollar-core/target/apidocs/deprecated-list.html...
Building index for all classes...
Generating /Users/neil/dev/dollar/dollar-core/target/apidocs/allclasses-frame.html...
Generating /Users/neil/dev/dollar/dollar-core/target/apidocs/allclasses-noframe.html...
Generating /Users/neil/dev/dollar/dollar-core/target/apidocs/index.html...
Generating /Users/neil/dev/dollar/dollar-core/target/apidocs/overview-summary.html...
Generating /Users/neil/dev/dollar/dollar-core/target/apidocs/help-doc.html...
32 warnings
[WARNING] Javadoc Warnings
[WARNING] /Users/neil/dev/dollar/dollar-core/src/main/java/dollar/api/DollarStatic.java:246: warning: no description for @param
[WARNING] * @param source
[WARNING] ^
[WARNING] /Users/neil/dev/dollar/dollar-core/src/main/java/dollar/api/DollarStatic.java:247: warning: no description for @param
[WARNING] * @param in
[WARNING] ^
[WARNING] /Users/neil/dev/dollar/dollar-core/src/main/java/dollar/api/DollarStatic.java:251: warning: no @return
[WARNING] public static var $fork(@NotNull Source source, @NotNull var in, @NotNull Function<var, var> call) {
[WARNING] ^
[WARNING] /Users/neil/dev/dollar/dollar-core/src/main/java/dollar/api/DollarStatic.java:649: warning: no @return
[WARNING] public static Configuration getConfig() {
[WARNING] ^
[WARNING] /Users/neil/dev/dollar/dollar-core/src/main/java/dollar/api/Scope.java:92: warning: no @param for mustFind
[WARNING] @NotNull var get(@NotNull String key, boolean mustFind);
[WARNING] ^
[WARNING] /Users/neil/dev/dollar/dollar-core/src/main/java/dollar/api/Type.java:108: warning: no @param for constraint
[WARNING] public Type(@NotNull String name, @NotNull String constraint) {
[WARNING] ^
[WARNING] /Users/neil/dev/dollar/dollar-core/src/main/java/dollar/api/Type.java:121: warning: no @param for type
[WARNING] public Type(@NotNull Type type, @Nullable String constraint) {
[WARNING] ^
[WARNING] /Users/neil/dev/dollar/dollar-core/src/main/java/dollar/api/Type.java:121: warning: no @param for constraint
[WARNING] public Type(@NotNull Type type, @Nullable String constraint) {
[WARNING] ^
[WARNING] /Users/neil/dev/dollar/dollar-core/src/main/java/dollar/api/var.java:224: warning: no @param for parallel
[WARNING] var $fix(boolean parallel);
[WARNING] ^
[WARNING] /Users/neil/dev/dollar/dollar-core/src/main/java/dollar/api/var.java:224: warning: no @return
[WARNING] var $fix(boolean parallel);
[WARNING] ^
[WARNING] /Users/neil/dev/dollar/dollar-core/src/main/java/dollar/api/var.java:318: warning: no @return
[WARNING] default var $listen(@NotNull Pipeable pipeable) {return DollarStatic.$void();}
[WARNING] ^
[WARNING] /Users/neil/dev/dollar/dollar-core/src/main/java/dollar/api/var.java:323: warning: no description for @param
[WARNING] * @param pipeable
[WARNING] ^
[WARNING] /Users/neil/dev/dollar/dollar-core/src/main/java/dollar/api/var.java:324: warning: no description for @param
[WARNING] * @param id
[WARNING] ^
[WARNING] /Users/neil/dev/dollar/dollar-core/src/main/java/dollar/api/var.java:325: warning: no description for @return
[WARNING] * @return
[WARNING] ^
[WARNING] /Users/neil/dev/dollar/dollar-core/src/main/java/dollar/api/var.java:496: warning: no @param for blocking
[WARNING] var $read(boolean blocking, boolean mutating);
[WARNING] ^
[WARNING] /Users/neil/dev/dollar/dollar-core/src/main/java/dollar/api/var.java:496: warning: no @param for mutating
[WARNING] var $read(boolean blocking, boolean mutating);
[WARNING] ^
[WARNING] /Users/neil/dev/dollar/dollar-core/src/main/java/dollar/api/var.java:496: warning: no @return
[WARNING] var $read(boolean blocking, boolean mutating);
[WARNING] ^
[WARNING] /Users/neil/dev/dollar/dollar-core/src/main/java/dollar/api/var.java:504: warning: no @return
[WARNING] default var $read() {
[WARNING] ^
[WARNING] /Users/neil/dev/dollar/dollar-core/src/main/java/dollar/api/var.java:597: warning: no description for @return
[WARNING] * @return
[WARNING] ^
[WARNING] /Users/neil/dev/dollar/dollar-core/src/main/java/dollar/api/var.java:636: warning: no @param for value
[WARNING] default var $write(@NotNull var value) {
[WARNING] ^
[WARNING] /Users/neil/dev/dollar/dollar-core/src/main/java/dollar/api/var.java:636: warning: no @return
[WARNING] default var $write(@NotNull var value) {
[WARNING] ^
[WARNING] /Users/neil/dev/dollar/dollar-core/src/main/java/dollar/api/var.java:912: warning: no @param for <T>
[WARNING] @Nullable <T> T meta(@NotNull String key);
[WARNING] ^
[WARNING] /Users/neil/dev/dollar/dollar-core/src/main/java/dollar/api/var.java:920: warning: no @param for <T>
[WARNING] <T> void meta(@NotNull String key, @NotNull T value);
[WARNING] ^
[WARNING] /Users/neil/dev/dollar/dollar-core/src/main/java/dollar/api/var.java:969: warning: no @return
[WARNING] default var out() {
[WARNING] ^
[WARNING] /Users/neil/dev/dollar/dollar-core/src/main/java/dollar/api/var.java:1022: warning: no @param for <R>
[WARNING] default <R> R remove(@NotNull Object valueToRemove) {
[WARNING] ^
[WARNING] /Users/neil/dev/dollar/dollar-core/src/main/java/dollar/api/var.java:1067: warning: no description for @return
[WARNING] * @return
[WARNING] ^
[WARNING] /Users/neil/dev/dollar/dollar-core/src/main/java/dollar/api/var.java:1112: warning: no @param for <R>
[WARNING] @Nullable <R> R toJavaObject();
[WARNING] ^
[WARNING] /Users/neil/dev/dollar/dollar-core/src/main/java/dollar/api/var.java:1162: warning: no @param for <T>
[WARNING] @NotNull <T> ImmutableList<T> toList();
[WARNING] ^
[WARNING] /Users/neil/dev/dollar/dollar-core/src/main/java/dollar/api/VarFlags.java:49: warning: no @param for pure
[WARNING] public VarFlags(boolean readonly, boolean isVolatile, boolean declaration, boolean pure) {
[WARNING] ^
[WARNING] /Users/neil/dev/dollar/dollar-core/src/main/java/dollar/api/guard/Guard.java:44: warning: no @param for message
[WARNING] default void assertNotNull(@NotNull String message, @Nullable Object value, @NotNull Method method) {
[WARNING] ^
[WARNING] /Users/neil/dev/dollar/dollar-core/src/main/java/dollar/api/json/JsonObject.java:40: warning: no @param for map
[WARNING] public JsonObject(@NotNull Map<String, Object> map) {
[WARNING] ^
[WARNING] /Users/neil/dev/dollar/dollar-core/src/main/java/dollar/api/uri/URI.java:277: warning: no @return
[WARNING] public URI parent() {
[WARNING] ^
[INFO] Building jar: /Users/neil/dev/dollar/dollar-core/target/dollar-core-0-SNAPSHOT-javadoc.jar
[INFO] 
[INFO] --- maven-site-plugin:3.6:attach-descriptor (attach-descriptor) @ dollar-core ---
[INFO] Skipping because packaging 'jar' is not pom.
[INFO] 
[INFO] >>> maven-source-plugin:3.0.1:jar (attach-sources) > generate-sources @ dollar-core >>>
[INFO] 
[INFO] --- maven-enforcer-plugin:1.4.1:enforce (enforce-versions) @ dollar-core ---
[INFO] 
[INFO] <<< maven-source-plugin:3.0.1:jar (attach-sources) < generate-sources @ dollar-core <<<
[INFO] 
[INFO] 
[INFO] --- maven-source-plugin:3.0.1:jar (attach-sources) @ dollar-core ---
[INFO] Building jar: /Users/neil/dev/dollar/dollar-core/target/dollar-core-0-SNAPSHOT-sources.jar
[INFO] 
[INFO] --- apache-rat-plugin:0.11:check (default) @ dollar-core ---
[INFO] RAT will not execute since it is configured to be skipped via system property 'rat.skip'.
[INFO] 
[INFO] --- maven-install-plugin:2.5.2:install (default-install) @ dollar-core ---
[INFO] Installing /Users/neil/dev/dollar/dollar-core/target/dollar-core-0-SNAPSHOT.jar to /Users/neil/.m2/repository/com/sillelien/dollar-core/0-SNAPSHOT/dollar-core-0-SNAPSHOT.jar
[INFO] Installing /Users/neil/dev/dollar/dollar-core/pom.xml to /Users/neil/.m2/repository/com/sillelien/dollar-core/0-SNAPSHOT/dollar-core-0-SNAPSHOT.pom
[INFO] Installing /Users/neil/dev/dollar/dollar-core/target/dollar-core-0-SNAPSHOT-javadoc.jar to /Users/neil/.m2/repository/com/sillelien/dollar-core/0-SNAPSHOT/dollar-core-0-SNAPSHOT-javadoc.jar
[INFO] Installing /Users/neil/dev/dollar/dollar-core/target/dollar-core-0-SNAPSHOT-sources.jar to /Users/neil/.m2/repository/com/sillelien/dollar-core/0-SNAPSHOT/dollar-core-0-SNAPSHOT-sources.jar
[INFO] 
[INFO] ------------------------------------------------------------------------
[INFO] Building dollar-resolver 0-SNAPSHOT
[INFO] ------------------------------------------------------------------------
[INFO] 
[INFO] --- maven-clean-plugin:3.0.0:clean (default-clean) @ dollar-resolver ---
[INFO] Deleting /Users/neil/dev/dollar/dollar-resolver/target
[INFO] 
[INFO] --- maven-enforcer-plugin:1.4.1:enforce (enforce-versions) @ dollar-resolver ---
[INFO] 
[INFO] --- maven-resources-plugin:3.0.2:resources (default-resources) @ dollar-resolver ---
[INFO] Using 'UTF-8' encoding to copy filtered resources.
[INFO] skip non existing resourceDirectory /Users/neil/dev/dollar/dollar-resolver/src/main/resources
[INFO] 
[INFO] --- maven-compiler-plugin:3.6.1:compile (default-compile) @ dollar-resolver ---
[INFO] Changes detected - recompiling the module!
[INFO] Compiling 2 source files to /Users/neil/dev/dollar/dollar-resolver/target/classes
[{"1":4}]class dollar.api.types.DollarList[INFO] 
[INFO] --- maven-resources-plugin:3.0.2:testResources (default-testResources) @ dollar-resolver ---
[INFO] Using 'UTF-8' encoding to copy filtered resources.
[INFO] skip non existing resourceDirectory /Users/neil/dev/dollar/dollar-resolver/src/test/resources
[INFO] 
[INFO] --- maven-compiler-plugin:3.6.1:testCompile (default-testCompile) @ dollar-resolver ---
[INFO] No sources to compile
[INFO] 
[INFO] --- maven-surefire-plugin:2.20:test (default-test) @ dollar-resolver ---
[INFO] No tests to run.
[INFO] 
[INFO] --- maven-jar-plugin:3.0.2:jar (default-jar) @ dollar-resolver ---
[INFO] Building jar: /Users/neil/dev/dollar/dollar-resolver/target/dollar-resolver-0-SNAPSHOT.jar
[INFO] 
[INFO] --- maven-javadoc-plugin:2.10.4:jar (attach-javadocs) @ dollar-resolver ---
[INFO] 
Loading source files for package dollar.deps...
Constructing Javadoc information...
Standard Doclet version 1.8.0_144
Building tree for all the packages and classes...
Generating /Users/neil/dev/dollar/dollar-resolver/target/apidocs/dollar/deps/DependencyRetriever.html...
Generating /Users/neil/dev/dollar/dollar-resolver/target/apidocs/dollar/deps/JarFileLoader.html...
Generating /Users/neil/dev/dollar/dollar-resolver/target/apidocs/dollar/deps/package-frame.html...
Generating /Users/neil/dev/dollar/dollar-resolver/target/apidocs/dollar/deps/package-summary.html...
Generating /Users/neil/dev/dollar/dollar-resolver/target/apidocs/dollar/deps/package-tree.html...
Generating /Users/neil/dev/dollar/dollar-resolver/target/apidocs/constant-values.html...
Generating /Users/neil/dev/dollar/dollar-resolver/target/apidocs/dollar/deps/class-use/JarFileLoader.html...
Generating /Users/neil/dev/dollar/dollar-resolver/target/apidocs/dollar/deps/class-use/DependencyRetriever.html...
Generating /Users/neil/dev/dollar/dollar-resolver/target/apidocs/dollar/deps/package-use.html...
Building index for all the packages and classes...
Generating /Users/neil/dev/dollar/dollar-resolver/target/apidocs/overview-tree.html...
Generating /Users/neil/dev/dollar/dollar-resolver/target/apidocs/index-all.html...
Generating /Users/neil/dev/dollar/dollar-resolver/target/apidocs/deprecated-list.html...
Building index for all classes...
Generating /Users/neil/dev/dollar/dollar-resolver/target/apidocs/allclasses-frame.html...
Generating /Users/neil/dev/dollar/dollar-resolver/target/apidocs/allclasses-noframe.html...
Generating /Users/neil/dev/dollar/dollar-resolver/target/apidocs/index.html...
Generating /Users/neil/dev/dollar/dollar-resolver/target/apidocs/help-doc.html...
[INFO] Building jar: /Users/neil/dev/dollar/dollar-resolver/target/dollar-resolver-0-SNAPSHOT-javadoc.jar
[INFO] 
[INFO] --- maven-site-plugin:3.6:attach-descriptor (attach-descriptor) @ dollar-resolver ---
[INFO] Skipping because packaging 'jar' is not pom.
[INFO] 
[INFO] >>> maven-source-plugin:3.0.1:jar (attach-sources) > generate-sources @ dollar-resolver >>>
[INFO] 
[INFO] --- maven-enforcer-plugin:1.4.1:enforce (enforce-versions) @ dollar-resolver ---
[INFO] 
[INFO] <<< maven-source-plugin:3.0.1:jar (attach-sources) < generate-sources @ dollar-resolver <<<
[INFO] 
[INFO] 
[INFO] --- maven-source-plugin:3.0.1:jar (attach-sources) @ dollar-resolver ---
[INFO] Building jar: /Users/neil/dev/dollar/dollar-resolver/target/dollar-resolver-0-SNAPSHOT-sources.jar
[INFO] 
[INFO] --- maven-install-plugin:2.5.2:install (default-install) @ dollar-resolver ---
[INFO] Installing /Users/neil/dev/dollar/dollar-resolver/target/dollar-resolver-0-SNAPSHOT.jar to /Users/neil/.m2/repository/com/sillelien/dollar-resolver/0-SNAPSHOT/dollar-resolver-0-SNAPSHOT.jar
[INFO] Installing /Users/neil/dev/dollar/dollar-resolver/pom.xml to /Users/neil/.m2/repository/com/sillelien/dollar-resolver/0-SNAPSHOT/dollar-resolver-0-SNAPSHOT.pom
[INFO] Installing /Users/neil/dev/dollar/dollar-resolver/target/dollar-resolver-0-SNAPSHOT-javadoc.jar to /Users/neil/.m2/repository/com/sillelien/dollar-resolver/0-SNAPSHOT/dollar-resolver-0-SNAPSHOT-javadoc.jar
[INFO] Installing /Users/neil/dev/dollar/dollar-resolver/target/dollar-resolver-0-SNAPSHOT-sources.jar to /Users/neil/.m2/repository/com/sillelien/dollar-resolver/0-SNAPSHOT/dollar-resolver-0-SNAPSHOT-sources.jar
[INFO] 
[INFO] ------------------------------------------------------------------------
[INFO] Building dollar-plugins 0-SNAPSHOT
[INFO] ------------------------------------------------------------------------
[INFO] 
[INFO] --- maven-clean-plugin:3.0.0:clean (default-clean) @ dollar-plugins ---
[INFO] Deleting /Users/neil/dev/dollar/dollar-plugins/target
[INFO] 
[INFO] --- maven-enforcer-plugin:1.4.1:enforce (enforce-versions) @ dollar-plugins ---
[INFO] 
[INFO] --- maven-javadoc-plugin:2.10.4:jar (attach-javadocs) @ dollar-plugins ---
[INFO] Not executing Javadoc as the project is not a Java classpath-capable package
[INFO] 
[INFO] --- maven-site-plugin:3.6:attach-descriptor (attach-descriptor) @ dollar-plugins ---
[INFO] No site descriptor found: nothing to attach.
[INFO] 
[INFO] >>> maven-source-plugin:3.0.1:jar (attach-sources) > generate-sources @ dollar-plugins >>>
[INFO] 
[INFO] --- maven-enforcer-plugin:1.4.1:enforce (enforce-versions) @ dollar-plugins ---
[INFO] 
[INFO] <<< maven-source-plugin:3.0.1:jar (attach-sources) < generate-sources @ dollar-plugins <<<
[INFO] 
[INFO] 
[INFO] --- maven-source-plugin:3.0.1:jar (attach-sources) @ dollar-plugins ---
[INFO] 
[INFO] --- maven-shade-plugin:3.0.0:shade (default) @ dollar-plugins ---
[INFO] Excluding com.google.guava:guava:jar:22.0 from the shaded jar.
[INFO] Including com.google.code.findbugs:jsr305:jar:1.3.9 in the shaded jar.
[INFO] Including com.google.errorprone:error_prone_annotations:jar:2.0.18 in the shaded jar.
[INFO] Including com.google.j2objc:j2objc-annotations:jar:1.1 in the shaded jar.
[INFO] Including org.codehaus.mojo:animal-sniffer-annotations:jar:1.14 in the shaded jar.
[INFO] Excluding org.slf4j:slf4j-log4j12:jar:1.7.12 from the shaded jar.
[INFO] Excluding log4j:log4j:jar:1.2.17 from the shaded jar.
[INFO] Excluding org.slf4j:slf4j-api:jar:1.7.12 from the shaded jar.
[INFO] Attaching shaded artifact.
[INFO] 
[INFO] --- maven-install-plugin:2.5.2:install (default-install) @ dollar-plugins ---
[INFO] Installing /Users/neil/dev/dollar/dollar-plugins/pom.xml to /Users/neil/.m2/repository/com/sillelien/dollar-plugins/0-SNAPSHOT/dollar-plugins-0-SNAPSHOT.pom
[INFO] Installing /Users/neil/dev/dollar/dollar-plugins/target/dollar-plugins-0-SNAPSHOT-plugin.pom to /Users/neil/.m2/repository/com/sillelien/dollar-plugins/0-SNAPSHOT/dollar-plugins-0-SNAPSHOT-plugin.pom
[INFO] 
[INFO] ------------------------------------------------------------------------
[INFO] Building dollar-std-resources-plugins 0-SNAPSHOT
[INFO] ------------------------------------------------------------------------
[INFO] 
[INFO] --- maven-clean-plugin:3.0.0:clean (default-clean) @ dollar-std-resources-plugins ---
[INFO] Deleting /Users/neil/dev/dollar/dollar-plugins/dollar-std-resources-plugin/target
[INFO] 
[INFO] --- maven-enforcer-plugin:1.4.1:enforce (enforce-versions) @ dollar-std-resources-plugins ---
[INFO] 
[INFO] --- maven-resources-plugin:3.0.2:resources (default-resources) @ dollar-std-resources-plugins ---
[INFO] Using 'UTF-8' encoding to copy filtered resources.
[INFO] Copying 1 resource
[INFO] 
[INFO] --- maven-compiler-plugin:3.6.1:compile (default-compile) @ dollar-std-resources-plugins ---
[INFO] Changes detected - recompiling the module!
[INFO] Compiling 1 source file to /Users/neil/dev/dollar/dollar-plugins/dollar-std-resources-plugin/target/classes
[INFO] 
[INFO] --- maven-resources-plugin:3.0.2:testResources (default-testResources) @ dollar-std-resources-plugins ---
[INFO] Using 'UTF-8' encoding to copy filtered resources.
[INFO] skip non existing resourceDirectory /Users/neil/dev/dollar/dollar-plugins/dollar-std-resources-plugin/src/test/resources
[INFO] 
[INFO] --- maven-compiler-plugin:3.6.1:testCompile (default-testCompile) @ dollar-std-resources-plugins ---
[INFO] No sources to compile
[INFO] 
[INFO] --- maven-surefire-plugin:2.20:test (default-test) @ dollar-std-resources-plugins ---
[INFO] No tests to run.
[INFO] 
[INFO] --- maven-jar-plugin:3.0.2:jar (default-jar) @ dollar-std-resources-plugins ---
[INFO] Building jar: /Users/neil/dev/dollar/dollar-plugins/dollar-std-resources-plugin/target/dollar-std-resources-plugins-0-SNAPSHOT.jar
[INFO] 
[INFO] --- maven-javadoc-plugin:2.10.4:jar (attach-javadocs) @ dollar-std-resources-plugins ---
[INFO] 
Loading source files for package dollar.resources.std...
Constructing Javadoc information...
Standard Doclet version 1.8.0_144
Building tree for all the packages and classes...
Generating /Users/neil/dev/dollar/dollar-plugins/dollar-std-resources-plugin/target/apidocs/dollar/resources/std/RandomResourceFactory.html...
Generating /Users/neil/dev/dollar/dollar-plugins/dollar-std-resources-plugin/target/apidocs/dollar/resources/std/package-frame.html...
Generating /Users/neil/dev/dollar/dollar-plugins/dollar-std-resources-plugin/target/apidocs/dollar/resources/std/package-summary.html...
Generating /Users/neil/dev/dollar/dollar-plugins/dollar-std-resources-plugin/target/apidocs/dollar/resources/std/package-tree.html...
Generating /Users/neil/dev/dollar/dollar-plugins/dollar-std-resources-plugin/target/apidocs/constant-values.html...
Generating /Users/neil/dev/dollar/dollar-plugins/dollar-std-resources-plugin/target/apidocs/dollar/resources/std/class-use/RandomResourceFactory.html...
Generating /Users/neil/dev/dollar/dollar-plugins/dollar-std-resources-plugin/target/apidocs/dollar/resources/std/package-use.html...
Building index for all the packages and classes...
Generating /Users/neil/dev/dollar/dollar-plugins/dollar-std-resources-plugin/target/apidocs/overview-tree.html...
Generating /Users/neil/dev/dollar/dollar-plugins/dollar-std-resources-plugin/target/apidocs/index-all.html...
Generating /Users/neil/dev/dollar/dollar-plugins/dollar-std-resources-plugin/target/apidocs/deprecated-list.html...
Building index for all classes...
Generating /Users/neil/dev/dollar/dollar-plugins/dollar-std-resources-plugin/target/apidocs/allclasses-frame.html...
Generating /Users/neil/dev/dollar/dollar-plugins/dollar-std-resources-plugin/target/apidocs/allclasses-noframe.html...
Generating /Users/neil/dev/dollar/dollar-plugins/dollar-std-resources-plugin/target/apidocs/index.html...
Generating /Users/neil/dev/dollar/dollar-plugins/dollar-std-resources-plugin/target/apidocs/help-doc.html...
[INFO] Building jar: /Users/neil/dev/dollar/dollar-plugins/dollar-std-resources-plugin/target/dollar-std-resources-plugins-0-SNAPSHOT-javadoc.jar
[INFO] 
[INFO] --- maven-site-plugin:3.6:attach-descriptor (attach-descriptor) @ dollar-std-resources-plugins ---
[INFO] Skipping because packaging 'jar' is not pom.
[INFO] 
[INFO] >>> maven-source-plugin:3.0.1:jar (attach-sources) > generate-sources @ dollar-std-resources-plugins >>>
[INFO] 
[INFO] --- maven-enforcer-plugin:1.4.1:enforce (enforce-versions) @ dollar-std-resources-plugins ---
[INFO] 
[INFO] <<< maven-source-plugin:3.0.1:jar (attach-sources) < generate-sources @ dollar-std-resources-plugins <<<
[INFO] 
[INFO] 
[INFO] --- maven-source-plugin:3.0.1:jar (attach-sources) @ dollar-std-resources-plugins ---
[INFO] Building jar: /Users/neil/dev/dollar/dollar-plugins/dollar-std-resources-plugin/target/dollar-std-resources-plugins-0-SNAPSHOT-sources.jar
[INFO] 
[INFO] --- maven-shade-plugin:3.0.0:shade (default) @ dollar-std-resources-plugins ---
[INFO] Including org.jetbrains:annotations:jar:15.0 in the shaded jar.
[INFO] Excluding com.google.guava:guava:jar:22.0 from the shaded jar.
[INFO] Including com.google.code.findbugs:jsr305:jar:1.3.9 in the shaded jar.
[INFO] Including com.google.errorprone:error_prone_annotations:jar:2.0.18 in the shaded jar.
[INFO] Including com.google.j2objc:j2objc-annotations:jar:1.1 in the shaded jar.
[INFO] Including org.codehaus.mojo:animal-sniffer-annotations:jar:1.14 in the shaded jar.
[INFO] Excluding org.slf4j:slf4j-log4j12:jar:1.7.12 from the shaded jar.
[INFO] Excluding log4j:log4j:jar:1.2.17 from the shaded jar.
[INFO] Excluding org.slf4j:slf4j-api:jar:1.7.12 from the shaded jar.
[INFO] Attaching shaded artifact.
[INFO] 
[INFO] --- maven-install-plugin:2.5.2:install (default-install) @ dollar-std-resources-plugins ---
[INFO] Installing /Users/neil/dev/dollar/dollar-plugins/dollar-std-resources-plugin/target/dollar-std-resources-plugins-0-SNAPSHOT.jar to /Users/neil/.m2/repository/com/sillelien/dollar-std-resources-plugins/0-SNAPSHOT/dollar-std-resources-plugins-0-SNAPSHOT.jar
[INFO] Installing /Users/neil/dev/dollar/dollar-plugins/dollar-std-resources-plugin/pom.xml to /Users/neil/.m2/repository/com/sillelien/dollar-std-resources-plugins/0-SNAPSHOT/dollar-std-resources-plugins-0-SNAPSHOT.pom
[INFO] Installing /Users/neil/dev/dollar/dollar-plugins/dollar-std-resources-plugin/target/dollar-std-resources-plugins-0-SNAPSHOT-javadoc.jar to /Users/neil/.m2/repository/com/sillelien/dollar-std-resources-plugins/0-SNAPSHOT/dollar-std-resources-plugins-0-SNAPSHOT-javadoc.jar
[INFO] Installing /Users/neil/dev/dollar/dollar-plugins/dollar-std-resources-plugin/target/dollar-std-resources-plugins-0-SNAPSHOT-sources.jar to /Users/neil/.m2/repository/com/sillelien/dollar-std-resources-plugins/0-SNAPSHOT/dollar-std-resources-plugins-0-SNAPSHOT-sources.jar
[INFO] Installing /Users/neil/dev/dollar/dollar-plugins/dollar-std-resources-plugin/target/dollar-std-resources-plugins-0-SNAPSHOT-plugin.jar to /Users/neil/.m2/repository/com/sillelien/dollar-std-resources-plugins/0-SNAPSHOT/dollar-std-resources-plugins-0-SNAPSHOT-plugin.jar
[INFO] 
[INFO] ------------------------------------------------------------------------
[INFO] Building dollar-redis-plugin 0-SNAPSHOT
[INFO] ------------------------------------------------------------------------
[INFO] 
[INFO] --- maven-clean-plugin:3.0.0:clean (default-clean) @ dollar-redis-plugin ---
[INFO] Deleting /Users/neil/dev/dollar/dollar-plugins/dollar-redis-plugin/target
[INFO] 
[INFO] --- maven-enforcer-plugin:1.4.1:enforce (enforce-versions) @ dollar-redis-plugin ---
[INFO] 
[INFO] --- maven-resources-plugin:3.0.2:resources (default-resources) @ dollar-redis-plugin ---
[INFO] Using 'UTF-8' encoding to copy filtered resources.
[INFO] Copying 3 resources
[INFO] 
[INFO] --- maven-compiler-plugin:3.6.1:compile (default-compile) @ dollar-redis-plugin ---
[INFO] Changes detected - recompiling the module!
[INFO] Compiling 2 source files to /Users/neil/dev/dollar/dollar-plugins/dollar-redis-plugin/target/classes
[INFO] 
[INFO] --- maven-resources-plugin:3.0.2:testResources (default-testResources) @ dollar-redis-plugin ---
[INFO] Using 'UTF-8' encoding to copy filtered resources.
[INFO] skip non existing resourceDirectory /Users/neil/dev/dollar/dollar-plugins/dollar-redis-plugin/src/test/resources
[INFO] 
[INFO] --- maven-compiler-plugin:3.6.1:testCompile (default-testCompile) @ dollar-redis-plugin ---
[INFO] No sources to compile
[INFO] 
[INFO] --- maven-surefire-plugin:2.20:test (default-test) @ dollar-redis-plugin ---
[INFO] No tests to run.
[INFO] 
[INFO] --- maven-jar-plugin:3.0.2:jar (default-jar) @ dollar-redis-plugin ---
[INFO] Building jar: /Users/neil/dev/dollar/dollar-plugins/dollar-redis-plugin/target/dollar-redis-plugin-0-SNAPSHOT.jar
[INFO] 
[INFO] --- maven-javadoc-plugin:2.10.4:jar (attach-javadocs) @ dollar-redis-plugin ---
[INFO] 
Loading source files for package dollar.redis...
Constructing Javadoc information...
Standard Doclet version 1.8.0_144
Building tree for all the packages and classes...
Generating /Users/neil/dev/dollar/dollar-plugins/dollar-redis-plugin/target/apidocs/dollar/redis/RedisURIHandler.html...
Generating /Users/neil/dev/dollar/dollar-plugins/dollar-redis-plugin/target/apidocs/dollar/redis/RedisURIHandlerFactory.html...
Generating /Users/neil/dev/dollar/dollar-plugins/dollar-redis-plugin/target/apidocs/dollar/redis/package-frame.html...
Generating /Users/neil/dev/dollar/dollar-plugins/dollar-redis-plugin/target/apidocs/dollar/redis/package-summary.html...
Generating /Users/neil/dev/dollar/dollar-plugins/dollar-redis-plugin/target/apidocs/dollar/redis/package-tree.html...
Generating /Users/neil/dev/dollar/dollar-plugins/dollar-redis-plugin/target/apidocs/constant-values.html...
Generating /Users/neil/dev/dollar/dollar-plugins/dollar-redis-plugin/target/apidocs/dollar/redis/class-use/RedisURIHandlerFactory.html...
Generating /Users/neil/dev/dollar/dollar-plugins/dollar-redis-plugin/target/apidocs/dollar/redis/class-use/RedisURIHandler.html...
Generating /Users/neil/dev/dollar/dollar-plugins/dollar-redis-plugin/target/apidocs/dollar/redis/package-use.html...
Building index for all the packages and classes...
Generating /Users/neil/dev/dollar/dollar-plugins/dollar-redis-plugin/target/apidocs/overview-tree.html...
Generating /Users/neil/dev/dollar/dollar-plugins/dollar-redis-plugin/target/apidocs/index-all.html...
Generating /Users/neil/dev/dollar/dollar-plugins/dollar-redis-plugin/target/apidocs/deprecated-list.html...
Building index for all classes...
Generating /Users/neil/dev/dollar/dollar-plugins/dollar-redis-plugin/target/apidocs/allclasses-frame.html...
Generating /Users/neil/dev/dollar/dollar-plugins/dollar-redis-plugin/target/apidocs/allclasses-noframe.html...
Generating /Users/neil/dev/dollar/dollar-plugins/dollar-redis-plugin/target/apidocs/index.html...
Generating /Users/neil/dev/dollar/dollar-plugins/dollar-redis-plugin/target/apidocs/help-doc.html...
[INFO] Building jar: /Users/neil/dev/dollar/dollar-plugins/dollar-redis-plugin/target/dollar-redis-plugin-0-SNAPSHOT-javadoc.jar
[INFO] 
[INFO] --- maven-site-plugin:3.6:attach-descriptor (attach-descriptor) @ dollar-redis-plugin ---
[INFO] Skipping because packaging 'jar' is not pom.
[INFO] 
[INFO] >>> maven-source-plugin:3.0.1:jar (attach-sources) > generate-sources @ dollar-redis-plugin >>>
[INFO] 
[INFO] --- maven-enforcer-plugin:1.4.1:enforce (enforce-versions) @ dollar-redis-plugin ---
[INFO] 
[INFO] <<< maven-source-plugin:3.0.1:jar (attach-sources) < generate-sources @ dollar-redis-plugin <<<
[INFO] 
[INFO] 
[INFO] --- maven-source-plugin:3.0.1:jar (attach-sources) @ dollar-redis-plugin ---
[INFO] Building jar: /Users/neil/dev/dollar/dollar-plugins/dollar-redis-plugin/target/dollar-redis-plugin-0-SNAPSHOT-sources.jar
[INFO] 
[INFO] --- maven-shade-plugin:3.0.0:shade (default) @ dollar-redis-plugin ---
[INFO] Including redis.clients:jedis:jar:2.9.0 in the shaded jar.
[INFO] Including org.apache.commons:commons-pool2:jar:2.4.2 in the shaded jar.
[INFO] Including org.jetbrains:annotations:jar:15.0 in the shaded jar.
[INFO] Excluding com.google.guava:guava:jar:22.0 from the shaded jar.
[INFO] Including com.google.code.findbugs:jsr305:jar:1.3.9 in the shaded jar.
[INFO] Including com.google.errorprone:error_prone_annotations:jar:2.0.18 in the shaded jar.
[INFO] Including com.google.j2objc:j2objc-annotations:jar:1.1 in the shaded jar.
[INFO] Including org.codehaus.mojo:animal-sniffer-annotations:jar:1.14 in the shaded jar.
[INFO] Excluding org.slf4j:slf4j-log4j12:jar:1.7.12 from the shaded jar.
[INFO] Excluding log4j:log4j:jar:1.2.17 from the shaded jar.
[INFO] Excluding org.slf4j:slf4j-api:jar:1.7.12 from the shaded jar.
[INFO] Attaching shaded artifact.
[INFO] 
[INFO] --- maven-install-plugin:2.5.2:install (default-install) @ dollar-redis-plugin ---
[INFO] Installing /Users/neil/dev/dollar/dollar-plugins/dollar-redis-plugin/target/dollar-redis-plugin-0-SNAPSHOT.jar to /Users/neil/.m2/repository/com/sillelien/dollar-redis-plugin/0-SNAPSHOT/dollar-redis-plugin-0-SNAPSHOT.jar
[INFO] Installing /Users/neil/dev/dollar/dollar-plugins/dollar-redis-plugin/pom.xml to /Users/neil/.m2/repository/com/sillelien/dollar-redis-plugin/0-SNAPSHOT/dollar-redis-plugin-0-SNAPSHOT.pom
[INFO] Installing /Users/neil/dev/dollar/dollar-plugins/dollar-redis-plugin/target/dollar-redis-plugin-0-SNAPSHOT-javadoc.jar to /Users/neil/.m2/repository/com/sillelien/dollar-redis-plugin/0-SNAPSHOT/dollar-redis-plugin-0-SNAPSHOT-javadoc.jar
[INFO] Installing /Users/neil/dev/dollar/dollar-plugins/dollar-redis-plugin/target/dollar-redis-plugin-0-SNAPSHOT-sources.jar to /Users/neil/.m2/repository/com/sillelien/dollar-redis-plugin/0-SNAPSHOT/dollar-redis-plugin-0-SNAPSHOT-sources.jar
[INFO] Installing /Users/neil/dev/dollar/dollar-plugins/dollar-redis-plugin/target/dollar-redis-plugin-0-SNAPSHOT-plugin.jar to /Users/neil/.m2/repository/com/sillelien/dollar-redis-plugin/0-SNAPSHOT/dollar-redis-plugin-0-SNAPSHOT-plugin.jar
[INFO] 
[INFO] ------------------------------------------------------------------------
[INFO] Building dollar-http-plugin 0-SNAPSHOT
[INFO] ------------------------------------------------------------------------
[INFO] 
[INFO] --- maven-clean-plugin:3.0.0:clean (default-clean) @ dollar-http-plugin ---
[INFO] Deleting /Users/neil/dev/dollar/dollar-plugins/dollar-http-plugin/target
[INFO] 
[INFO] --- maven-enforcer-plugin:1.4.1:enforce (enforce-versions) @ dollar-http-plugin ---
[INFO] 
[INFO] --- maven-resources-plugin:3.0.2:resources (default-resources) @ dollar-http-plugin ---
[INFO] Using 'UTF-8' encoding to copy filtered resources.
[INFO] Copying 1 resource
[INFO] 
[INFO] --- maven-compiler-plugin:3.6.1:compile (default-compile) @ dollar-http-plugin ---
[INFO] Changes detected - recompiling the module!
[INFO] Compiling 3 source files to /Users/neil/dev/dollar/dollar-plugins/dollar-http-plugin/target/classes
[INFO] 
[INFO] --- maven-resources-plugin:3.0.2:testResources (default-testResources) @ dollar-http-plugin ---
[INFO] Using 'UTF-8' encoding to copy filtered resources.
[INFO] skip non existing resourceDirectory /Users/neil/dev/dollar/dollar-plugins/dollar-http-plugin/src/test/resources
[INFO] 
[INFO] --- maven-compiler-plugin:3.6.1:testCompile (default-testCompile) @ dollar-http-plugin ---
[INFO] No sources to compile
[INFO] 
[INFO] --- maven-surefire-plugin:2.20:test (default-test) @ dollar-http-plugin ---
[INFO] No tests to run.
[INFO] 
[INFO] --- maven-jar-plugin:3.0.2:jar (default-jar) @ dollar-http-plugin ---
[INFO] Building jar: /Users/neil/dev/dollar/dollar-plugins/dollar-http-plugin/target/dollar-http-plugin-0-SNAPSHOT.jar
[INFO] 
[INFO] --- maven-javadoc-plugin:2.10.4:jar (attach-javadocs) @ dollar-http-plugin ---
[INFO] 
Loading source files for package dollar.http...
Constructing Javadoc information...
Standard Doclet version 1.8.0_144
Building tree for all the packages and classes...
Generating /Users/neil/dev/dollar/dollar-plugins/dollar-http-plugin/target/apidocs/dollar/http/HttpURIHandler.html...
Generating /Users/neil/dev/dollar/dollar-plugins/dollar-http-plugin/target/apidocs/dollar/http/HttpURIHandler.RequestHandler.html...
Generating /Users/neil/dev/dollar/dollar-plugins/dollar-http-plugin/target/apidocs/dollar/http/HttpURIHandler.RouteableNanoHttpd.html...
Generating /Users/neil/dev/dollar/dollar-plugins/dollar-http-plugin/target/apidocs/dollar/http/HttpURIHandlerFactory.html...
Generating /Users/neil/dev/dollar/dollar-plugins/dollar-http-plugin/target/apidocs/dollar/http/NanoHttpdServer.html...
Generating /Users/neil/dev/dollar/dollar-plugins/dollar-http-plugin/target/apidocs/dollar/http/NanoHttpdServer.AsyncRunner.html...
Generating /Users/neil/dev/dollar/dollar-plugins/dollar-http-plugin/target/apidocs/dollar/http/NanoHttpdServer.Cookie.html...
Generating /Users/neil/dev/dollar/dollar-plugins/dollar-http-plugin/target/apidocs/dollar/http/NanoHttpdServer.CookieHandler.html...
Generating /Users/neil/dev/dollar/dollar-plugins/dollar-http-plugin/target/apidocs/dollar/http/NanoHttpdServer.DefaultAsyncRunner.html...
Generating /Users/neil/dev/dollar/dollar-plugins/dollar-http-plugin/target/apidocs/dollar/http/NanoHttpdServer.DefaultTempFile.html...
Generating /Users/neil/dev/dollar/dollar-plugins/dollar-http-plugin/target/apidocs/dollar/http/NanoHttpdServer.DefaultTempFileManager.html...
Generating /Users/neil/dev/dollar/dollar-plugins/dollar-http-plugin/target/apidocs/dollar/http/NanoHttpdServer.HTTPSession.html...
Generating /Users/neil/dev/dollar/dollar-plugins/dollar-http-plugin/target/apidocs/dollar/http/NanoHttpdServer.IHTTPSession.html...
Generating /Users/neil/dev/dollar/dollar-plugins/dollar-http-plugin/target/apidocs/dollar/http/NanoHttpdServer.Method.html...
Generating /Users/neil/dev/dollar/dollar-plugins/dollar-http-plugin/target/apidocs/dollar/http/NanoHttpdServer.Response.html...
Generating /Users/neil/dev/dollar/dollar-plugins/dollar-http-plugin/target/apidocs/dollar/http/NanoHttpdServer.Response.IStatus.html...
Generating /Users/neil/dev/dollar/dollar-plugins/dollar-http-plugin/target/apidocs/dollar/http/NanoHttpdServer.Response.Status.html...
Generating /Users/neil/dev/dollar/dollar-plugins/dollar-http-plugin/target/apidocs/dollar/http/NanoHttpdServer.ResponseException.html...
Generating /Users/neil/dev/dollar/dollar-plugins/dollar-http-plugin/target/apidocs/dollar/http/NanoHttpdServer.TempFile.html...
Generating /Users/neil/dev/dollar/dollar-plugins/dollar-http-plugin/target/apidocs/dollar/http/NanoHttpdServer.TempFileManager.html...
Generating /Users/neil/dev/dollar/dollar-plugins/dollar-http-plugin/target/apidocs/dollar/http/NanoHttpdServer.TempFileManagerFactory.html...
Generating /Users/neil/dev/dollar/dollar-plugins/dollar-http-plugin/target/apidocs/dollar/http/package-frame.html...
Generating /Users/neil/dev/dollar/dollar-plugins/dollar-http-plugin/target/apidocs/dollar/http/package-summary.html...
Generating /Users/neil/dev/dollar/dollar-plugins/dollar-http-plugin/target/apidocs/dollar/http/package-tree.html...
Generating /Users/neil/dev/dollar/dollar-plugins/dollar-http-plugin/target/apidocs/constant-values.html...
Generating /Users/neil/dev/dollar/dollar-plugins/dollar-http-plugin/target/apidocs/serialized-form.html...
Generating /Users/neil/dev/dollar/dollar-plugins/dollar-http-plugin/target/apidocs/dollar/http/class-use/NanoHttpdServer.html...
Generating /Users/neil/dev/dollar/dollar-plugins/dollar-http-plugin/target/apidocs/dollar/http/class-use/NanoHttpdServer.Method.html...
Generating /Users/neil/dev/dollar/dollar-plugins/dollar-http-plugin/target/apidocs/dollar/http/class-use/NanoHttpdServer.AsyncRunner.html...
Generating /Users/neil/dev/dollar/dollar-plugins/dollar-http-plugin/target/apidocs/dollar/http/class-use/NanoHttpdServer.TempFileManagerFactory.html...
Generating /Users/neil/dev/dollar/dollar-plugins/dollar-http-plugin/target/apidocs/dollar/http/class-use/NanoHttpdServer.TempFileManager.html...
Generating /Users/neil/dev/dollar/dollar-plugins/dollar-http-plugin/target/apidocs/dollar/http/class-use/NanoHttpdServer.TempFile.html...
Generating /Users/neil/dev/dollar/dollar-plugins/dollar-http-plugin/target/apidocs/dollar/http/class-use/NanoHttpdServer.IHTTPSession.html...
Generating /Users/neil/dev/dollar/dollar-plugins/dollar-http-plugin/target/apidocs/dollar/http/class-use/NanoHttpdServer.DefaultAsyncRunner.html...
Generating /Users/neil/dev/dollar/dollar-plugins/dollar-http-plugin/target/apidocs/dollar/http/class-use/NanoHttpdServer.DefaultTempFileManager.html...
Generating /Users/neil/dev/dollar/dollar-plugins/dollar-http-plugin/target/apidocs/dollar/http/class-use/NanoHttpdServer.DefaultTempFile.html...
Generating /Users/neil/dev/dollar/dollar-plugins/dollar-http-plugin/target/apidocs/dollar/http/class-use/NanoHttpdServer.Response.html...
Generating /Users/neil/dev/dollar/dollar-plugins/dollar-http-plugin/target/apidocs/dollar/http/class-use/NanoHttpdServer.Response.Status.html...
Generating /Users/neil/dev/dollar/dollar-plugins/dollar-http-plugin/target/apidocs/dollar/http/class-use/NanoHttpdServer.Response.IStatus.html...
Generating /Users/neil/dev/dollar/dollar-plugins/dollar-http-plugin/target/apidocs/dollar/http/class-use/NanoHttpdServer.ResponseException.html...
Generating /Users/neil/dev/dollar/dollar-plugins/dollar-http-plugin/target/apidocs/dollar/http/class-use/NanoHttpdServer.Cookie.html...
Generating /Users/neil/dev/dollar/dollar-plugins/dollar-http-plugin/target/apidocs/dollar/http/class-use/NanoHttpdServer.HTTPSession.html...
Generating /Users/neil/dev/dollar/dollar-plugins/dollar-http-plugin/target/apidocs/dollar/http/class-use/NanoHttpdServer.CookieHandler.html...
Generating /Users/neil/dev/dollar/dollar-plugins/dollar-http-plugin/target/apidocs/dollar/http/class-use/HttpURIHandlerFactory.html...
Generating /Users/neil/dev/dollar/dollar-plugins/dollar-http-plugin/target/apidocs/dollar/http/class-use/HttpURIHandler.html...
Generating /Users/neil/dev/dollar/dollar-plugins/dollar-http-plugin/target/apidocs/dollar/http/class-use/HttpURIHandler.RouteableNanoHttpd.html...
Generating /Users/neil/dev/dollar/dollar-plugins/dollar-http-plugin/target/apidocs/dollar/http/class-use/HttpURIHandler.RequestHandler.html...
Generating /Users/neil/dev/dollar/dollar-plugins/dollar-http-plugin/target/apidocs/dollar/http/package-use.html...
Building index for all the packages and classes...
Generating /Users/neil/dev/dollar/dollar-plugins/dollar-http-plugin/target/apidocs/overview-tree.html...
Generating /Users/neil/dev/dollar/dollar-plugins/dollar-http-plugin/target/apidocs/index-all.html...
Generating /Users/neil/dev/dollar/dollar-plugins/dollar-http-plugin/target/apidocs/deprecated-list.html...
Building index for all classes...
Generating /Users/neil/dev/dollar/dollar-plugins/dollar-http-plugin/target/apidocs/allclasses-frame.html...
Generating /Users/neil/dev/dollar/dollar-plugins/dollar-http-plugin/target/apidocs/allclasses-noframe.html...
Generating /Users/neil/dev/dollar/dollar-plugins/dollar-http-plugin/target/apidocs/index.html...
Generating /Users/neil/dev/dollar/dollar-plugins/dollar-http-plugin/target/apidocs/help-doc.html...
18 warnings
[WARNING] Javadoc Warnings
[WARNING] /Users/neil/dev/dollar/dollar-plugins/dollar-http-plugin/src/main/java/dollar/http/NanoHttpdServer.java:481: warning: empty <p> tag
[WARNING] * Default strategy for creating and cleaning up temporary files.  <p></p>By default, files are created by
[WARNING] ^
[WARNING] /Users/neil/dev/dollar/dollar-plugins/dollar-http-plugin/src/main/java/dollar/http/NanoHttpdServer.java:446: warning: empty <p> tag
[WARNING] * Default strategy for creating and cleaning up temporary files.  <p></p>This class stores its files in the
[WARNING] ^
[WARNING] /Users/neil/dev/dollar/dollar-plugins/dollar-http-plugin/src/main/java/dollar/http/NanoHttpdServer.java:126: warning: no @param for port
[WARNING] public NanoHttpdServer(int port) {
[WARNING] ^
[WARNING] /Users/neil/dev/dollar/dollar-plugins/dollar-http-plugin/src/main/java/dollar/http/NanoHttpdServer.java:133: warning: no @param for hostname
[WARNING] public NanoHttpdServer(@NotNull String hostname, int port) {
[WARNING] ^
[WARNING] /Users/neil/dev/dollar/dollar-plugins/dollar-http-plugin/src/main/java/dollar/http/NanoHttpdServer.java:133: warning: no @param for port
[WARNING] public NanoHttpdServer(@NotNull String hostname, int port) {
[WARNING] ^
[WARNING] /Users/neil/dev/dollar/dollar-plugins/dollar-http-plugin/src/main/java/dollar/http/NanoHttpdServer.java:422: warning: no @param for files
[WARNING] void parseBody(@NotNull Map<String, String> files) throws IOException, ResponseException;
[WARNING] ^
[WARNING] /Users/neil/dev/dollar/dollar-plugins/dollar-http-plugin/src/main/java/dollar/http/NanoHttpdServer.java:422: warning: no @throws for java.io.IOException
[WARNING] void parseBody(@NotNull Map<String, String> files) throws IOException, ResponseException;
[WARNING] ^
[WARNING] /Users/neil/dev/dollar/dollar-plugins/dollar-http-plugin/src/main/java/dollar/http/NanoHttpdServer.java:422: warning: no @throws for dollar.http.NanoHttpdServer.ResponseException
[WARNING] void parseBody(@NotNull Map<String, String> files) throws IOException, ResponseException;
[WARNING] ^
[WARNING] /Users/neil/dev/dollar/dollar-plugins/dollar-http-plugin/src/main/java/dollar/http/NanoHttpdServer.java:610: warning: no @param for name
[WARNING] public void addHeader(@NotNull String name, @NotNull String value) {
[WARNING] ^
[WARNING] /Users/neil/dev/dollar/dollar-plugins/dollar-http-plugin/src/main/java/dollar/http/NanoHttpdServer.java:610: warning: no @param for value
[WARNING] public void addHeader(@NotNull String name, @NotNull String value) {
[WARNING] ^
[WARNING] /Users/neil/dev/dollar/dollar-plugins/dollar-http-plugin/src/main/java/dollar/http/NanoHttpdServer.java:668: warning: no @param for outputStream
[WARNING] protected void send(@NotNull OutputStream outputStream) {
[WARNING] ^
[WARNING] /Users/neil/dev/dollar/dollar-plugins/dollar-http-plugin/src/main/java/dollar/http/NanoHttpdServer.java:601: warning: no @param for status
[WARNING] public Response(@NotNull IStatus status, @NotNull String mimeType, @Nullable InputStream data) {
[WARNING] ^
[WARNING] /Users/neil/dev/dollar/dollar-plugins/dollar-http-plugin/src/main/java/dollar/http/NanoHttpdServer.java:601: warning: no @param for mimeType
[WARNING] public Response(@NotNull IStatus status, @NotNull String mimeType, @Nullable InputStream data) {
[WARNING] ^
[WARNING] /Users/neil/dev/dollar/dollar-plugins/dollar-http-plugin/src/main/java/dollar/http/NanoHttpdServer.java:601: warning: no @param for data
[WARNING] public Response(@NotNull IStatus status, @NotNull String mimeType, @Nullable InputStream data) {
[WARNING] ^
[WARNING] /Users/neil/dev/dollar/dollar-plugins/dollar-http-plugin/src/main/java/dollar/http/NanoHttpdServer.java:588: warning: no @param for status
[WARNING] public Response(@NotNull IStatus status, @NotNull String mimeType, @Nullable String txt) {
[WARNING] ^
[WARNING] /Users/neil/dev/dollar/dollar-plugins/dollar-http-plugin/src/main/java/dollar/http/NanoHttpdServer.java:588: warning: no @param for mimeType
[WARNING] public Response(@NotNull IStatus status, @NotNull String mimeType, @Nullable String txt) {
[WARNING] ^
[WARNING] /Users/neil/dev/dollar/dollar-plugins/dollar-http-plugin/src/main/java/dollar/http/NanoHttpdServer.java:588: warning: no @param for txt
[WARNING] public Response(@NotNull IStatus status, @NotNull String mimeType, @Nullable String txt) {
[WARNING] ^
[WARNING] /Users/neil/dev/dollar/dollar-plugins/dollar-http-plugin/src/main/java/dollar/http/NanoHttpdServer.java:581: warning: no @param for msg
[WARNING] public Response(@NotNull String msg) {
[WARNING] ^
[INFO] Building jar: /Users/neil/dev/dollar/dollar-plugins/dollar-http-plugin/target/dollar-http-plugin-0-SNAPSHOT-javadoc.jar
[INFO] 
[INFO] --- maven-site-plugin:3.6:attach-descriptor (attach-descriptor) @ dollar-http-plugin ---
[INFO] Skipping because packaging 'jar' is not pom.
[INFO] 
[INFO] >>> maven-source-plugin:3.0.1:jar (attach-sources) > generate-sources @ dollar-http-plugin >>>
[INFO] 
[INFO] --- maven-enforcer-plugin:1.4.1:enforce (enforce-versions) @ dollar-http-plugin ---
[INFO] 
[INFO] <<< maven-source-plugin:3.0.1:jar (attach-sources) < generate-sources @ dollar-http-plugin <<<
[INFO] 
[INFO] 
[INFO] --- maven-source-plugin:3.0.1:jar (attach-sources) @ dollar-http-plugin ---
[INFO] Building jar: /Users/neil/dev/dollar/dollar-plugins/dollar-http-plugin/target/dollar-http-plugin-0-SNAPSHOT-sources.jar
[INFO] 
[INFO] --- maven-shade-plugin:3.0.0:shade (default) @ dollar-http-plugin ---
[INFO] Including com.mashape.unirest:unirest-java:jar:1.4.9 in the shaded jar.
[INFO] Including org.apache.httpcomponents:httpclient:jar:4.5.3 in the shaded jar.
[INFO] Including org.apache.httpcomponents:httpcore:jar:4.4.6 in the shaded jar.
[INFO] Including org.apache.httpcomponents:httpasyncclient:jar:4.1.3 in the shaded jar.
[INFO] Including org.apache.httpcomponents:httpcore-nio:jar:4.4.6 in the shaded jar.
[INFO] Including org.apache.httpcomponents:httpmime:jar:4.5.3 in the shaded jar.
[INFO] Including org.json:json:jar:20160212 in the shaded jar.
[INFO] Including commons-logging:commons-logging:jar:1.2 in the shaded jar.
[INFO] Including org.jetbrains:annotations:jar:15.0 in the shaded jar.
[INFO] Excluding com.google.guava:guava:jar:22.0 from the shaded jar.
[INFO] Including com.google.code.findbugs:jsr305:jar:1.3.9 in the shaded jar.
[INFO] Including com.google.errorprone:error_prone_annotations:jar:2.0.18 in the shaded jar.
[INFO] Including com.google.j2objc:j2objc-annotations:jar:1.1 in the shaded jar.
[INFO] Including org.codehaus.mojo:animal-sniffer-annotations:jar:1.14 in the shaded jar.
[INFO] Excluding org.slf4j:slf4j-log4j12:jar:1.7.12 from the shaded jar.
[INFO] Excluding log4j:log4j:jar:1.2.17 from the shaded jar.
[INFO] Excluding org.slf4j:slf4j-api:jar:1.7.12 from the shaded jar.
[INFO] Attaching shaded artifact.
[INFO] 
[INFO] --- maven-install-plugin:2.5.2:install (default-install) @ dollar-http-plugin ---
[INFO] Installing /Users/neil/dev/dollar/dollar-plugins/dollar-http-plugin/target/dollar-http-plugin-0-SNAPSHOT.jar to /Users/neil/.m2/repository/com/sillelien/dollar-http-plugin/0-SNAPSHOT/dollar-http-plugin-0-SNAPSHOT.jar
[INFO] Installing /Users/neil/dev/dollar/dollar-plugins/dollar-http-plugin/pom.xml to /Users/neil/.m2/repository/com/sillelien/dollar-http-plugin/0-SNAPSHOT/dollar-http-plugin-0-SNAPSHOT.pom
[INFO] Installing /Users/neil/dev/dollar/dollar-plugins/dollar-http-plugin/target/dollar-http-plugin-0-SNAPSHOT-javadoc.jar to /Users/neil/.m2/repository/com/sillelien/dollar-http-plugin/0-SNAPSHOT/dollar-http-plugin-0-SNAPSHOT-javadoc.jar
[INFO] Installing /Users/neil/dev/dollar/dollar-plugins/dollar-http-plugin/target/dollar-http-plugin-0-SNAPSHOT-sources.jar to /Users/neil/.m2/repository/com/sillelien/dollar-http-plugin/0-SNAPSHOT/dollar-http-plugin-0-SNAPSHOT-sources.jar
[INFO] Installing /Users/neil/dev/dollar/dollar-plugins/dollar-http-plugin/target/dollar-http-plugin-0-SNAPSHOT-plugin.jar to /Users/neil/.m2/repository/com/sillelien/dollar-http-plugin/0-SNAPSHOT/dollar-http-plugin-0-SNAPSHOT-plugin.jar
[INFO] 
[INFO] ------------------------------------------------------------------------
[INFO] Building dollar-metrics-plugin 0-SNAPSHOT
[INFO] ------------------------------------------------------------------------
[INFO] 
[INFO] --- maven-clean-plugin:3.0.0:clean (default-clean) @ dollar-metrics-plugin ---
[INFO] Deleting /Users/neil/dev/dollar/dollar-plugins/dollar-metrics-plugin/target
[INFO] 
[INFO] --- maven-enforcer-plugin:1.4.1:enforce (enforce-versions) @ dollar-metrics-plugin ---
[INFO] 
[INFO] --- maven-resources-plugin:3.0.2:resources (default-resources) @ dollar-metrics-plugin ---
[INFO] Using 'UTF-8' encoding to copy filtered resources.
[INFO] Copying 1 resource
[INFO] 
[INFO] --- maven-compiler-plugin:3.6.1:compile (default-compile) @ dollar-metrics-plugin ---
[INFO] Changes detected - recompiling the module!
[INFO] Compiling 1 source file to /Users/neil/dev/dollar/dollar-plugins/dollar-metrics-plugin/target/classes
[INFO] 
[INFO] --- maven-resources-plugin:3.0.2:testResources (default-testResources) @ dollar-metrics-plugin ---
[INFO] Using 'UTF-8' encoding to copy filtered resources.
[INFO] skip non existing resourceDirectory /Users/neil/dev/dollar/dollar-plugins/dollar-metrics-plugin/src/test/resources
[INFO] 
[INFO] --- maven-compiler-plugin:3.6.1:testCompile (default-testCompile) @ dollar-metrics-plugin ---
[INFO] No sources to compile
[INFO] 
[INFO] --- maven-surefire-plugin:2.20:test (default-test) @ dollar-metrics-plugin ---
[INFO] No tests to run.
[INFO] 
[INFO] --- maven-jar-plugin:3.0.2:jar (default-jar) @ dollar-metrics-plugin ---
[INFO] Building jar: /Users/neil/dev/dollar/dollar-plugins/dollar-metrics-plugin/target/dollar-metrics-plugin-0-SNAPSHOT.jar
[INFO] 
[INFO] --- maven-javadoc-plugin:2.10.4:jar (attach-javadocs) @ dollar-metrics-plugin ---
[INFO] 
Loading source files for package dollar.monitor...
Constructing Javadoc information...
Standard Doclet version 1.8.0_144
Building tree for all the packages and classes...
Generating /Users/neil/dev/dollar/dollar-plugins/dollar-metrics-plugin/target/apidocs/dollar/monitor/MetricsMonitor.html...
Generating /Users/neil/dev/dollar/dollar-plugins/dollar-metrics-plugin/target/apidocs/dollar/monitor/package-frame.html...
Generating /Users/neil/dev/dollar/dollar-plugins/dollar-metrics-plugin/target/apidocs/dollar/monitor/package-summary.html...
Generating /Users/neil/dev/dollar/dollar-plugins/dollar-metrics-plugin/target/apidocs/dollar/monitor/package-tree.html...
Generating /Users/neil/dev/dollar/dollar-plugins/dollar-metrics-plugin/target/apidocs/constant-values.html...
Generating /Users/neil/dev/dollar/dollar-plugins/dollar-metrics-plugin/target/apidocs/dollar/monitor/class-use/MetricsMonitor.html...
Generating /Users/neil/dev/dollar/dollar-plugins/dollar-metrics-plugin/target/apidocs/dollar/monitor/package-use.html...
Building index for all the packages and classes...
Generating /Users/neil/dev/dollar/dollar-plugins/dollar-metrics-plugin/target/apidocs/overview-tree.html...
Generating /Users/neil/dev/dollar/dollar-plugins/dollar-metrics-plugin/target/apidocs/index-all.html...
Generating /Users/neil/dev/dollar/dollar-plugins/dollar-metrics-plugin/target/apidocs/deprecated-list.html...
Building index for all classes...
Generating /Users/neil/dev/dollar/dollar-plugins/dollar-metrics-plugin/target/apidocs/allclasses-frame.html...
Generating /Users/neil/dev/dollar/dollar-plugins/dollar-metrics-plugin/target/apidocs/allclasses-noframe.html...
Generating /Users/neil/dev/dollar/dollar-plugins/dollar-metrics-plugin/target/apidocs/index.html...
Generating /Users/neil/dev/dollar/dollar-plugins/dollar-metrics-plugin/target/apidocs/help-doc.html...
[INFO] Building jar: /Users/neil/dev/dollar/dollar-plugins/dollar-metrics-plugin/target/dollar-metrics-plugin-0-SNAPSHOT-javadoc.jar
[INFO] 
[INFO] --- maven-site-plugin:3.6:attach-descriptor (attach-descriptor) @ dollar-metrics-plugin ---
[INFO] Skipping because packaging 'jar' is not pom.
[INFO] 
[INFO] >>> maven-source-plugin:3.0.1:jar (attach-sources) > generate-sources @ dollar-metrics-plugin >>>
[INFO] 
[INFO] --- maven-enforcer-plugin:1.4.1:enforce (enforce-versions) @ dollar-metrics-plugin ---
[INFO] 
[INFO] <<< maven-source-plugin:3.0.1:jar (attach-sources) < generate-sources @ dollar-metrics-plugin <<<
[INFO] 
[INFO] 
[INFO] --- maven-source-plugin:3.0.1:jar (attach-sources) @ dollar-metrics-plugin ---
[INFO] Building jar: /Users/neil/dev/dollar/dollar-plugins/dollar-metrics-plugin/target/dollar-metrics-plugin-0-SNAPSHOT-sources.jar
[INFO] 
[INFO] --- maven-shade-plugin:3.0.0:shade (default) @ dollar-metrics-plugin ---
[INFO] Including io.dropwizard.metrics:metrics-core:jar:3.2.3 in the shaded jar.
[INFO] Including org.jetbrains:annotations:jar:15.0 in the shaded jar.
[INFO] Excluding org.slf4j:slf4j-api:jar:1.7.12 from the shaded jar.
[INFO] Excluding com.google.guava:guava:jar:22.0 from the shaded jar.
[INFO] Including com.google.code.findbugs:jsr305:jar:1.3.9 in the shaded jar.
[INFO] Including com.google.errorprone:error_prone_annotations:jar:2.0.18 in the shaded jar.
[INFO] Including com.google.j2objc:j2objc-annotations:jar:1.1 in the shaded jar.
[INFO] Including org.codehaus.mojo:animal-sniffer-annotations:jar:1.14 in the shaded jar.
[INFO] Excluding org.slf4j:slf4j-log4j12:jar:1.7.12 from the shaded jar.
[INFO] Excluding log4j:log4j:jar:1.2.17 from the shaded jar.
[INFO] Attaching shaded artifact.
[INFO] 
[INFO] --- maven-install-plugin:2.5.2:install (default-install) @ dollar-metrics-plugin ---
[INFO] Installing /Users/neil/dev/dollar/dollar-plugins/dollar-metrics-plugin/target/dollar-metrics-plugin-0-SNAPSHOT.jar to /Users/neil/.m2/repository/com/sillelien/dollar-metrics-plugin/0-SNAPSHOT/dollar-metrics-plugin-0-SNAPSHOT.jar
[INFO] Installing /Users/neil/dev/dollar/dollar-plugins/dollar-metrics-plugin/pom.xml to /Users/neil/.m2/repository/com/sillelien/dollar-metrics-plugin/0-SNAPSHOT/dollar-metrics-plugin-0-SNAPSHOT.pom
[INFO] Installing /Users/neil/dev/dollar/dollar-plugins/dollar-metrics-plugin/target/dollar-metrics-plugin-0-SNAPSHOT-javadoc.jar to /Users/neil/.m2/repository/com/sillelien/dollar-metrics-plugin/0-SNAPSHOT/dollar-metrics-plugin-0-SNAPSHOT-javadoc.jar
[INFO] Installing /Users/neil/dev/dollar/dollar-plugins/dollar-metrics-plugin/target/dollar-metrics-plugin-0-SNAPSHOT-sources.jar to /Users/neil/.m2/repository/com/sillelien/dollar-metrics-plugin/0-SNAPSHOT/dollar-metrics-plugin-0-SNAPSHOT-sources.jar
[INFO] Installing /Users/neil/dev/dollar/dollar-plugins/dollar-metrics-plugin/target/dollar-metrics-plugin-0-SNAPSHOT-plugin.jar to /Users/neil/.m2/repository/com/sillelien/dollar-metrics-plugin/0-SNAPSHOT/dollar-metrics-plugin-0-SNAPSHOT-plugin.jar
[INFO] 
[INFO] ------------------------------------------------------------------------
[INFO] Building dollar-script 0-SNAPSHOT
[INFO] ------------------------------------------------------------------------
[INFO] 
[INFO] --- maven-clean-plugin:3.0.0:clean (default-clean) @ dollar-script ---
[INFO] Deleting /Users/neil/dev/dollar/dollar-script/target
[INFO] 
[INFO] --- maven-enforcer-plugin:1.4.1:enforce (enforce-versions) @ dollar-script ---
[INFO] 
[INFO] --- maven-resources-plugin:3.0.2:resources (default-resources) @ dollar-script ---
[INFO] Using 'UTF-8' encoding to copy filtered resources.
[INFO] Copying 177 resources
[INFO] 
[INFO] --- maven-compiler-plugin:3.6.1:compile (default-compile) @ dollar-script ---
[INFO] Changes detected - recompiling the module!
[INFO] Compiling 55 source files to /Users/neil/dev/dollar/dollar-script/target/classes
[INFO] /Users/neil/dev/dollar/dollar-script/src/main/java/dollar/internal/runtime/script/ScriptScope.java: /Users/neil/dev/dollar/dollar-script/src/main/java/dollar/internal/runtime/script/ScriptScope.java uses or overrides a deprecated API.
[INFO] /Users/neil/dev/dollar/dollar-script/src/main/java/dollar/internal/runtime/script/ScriptScope.java: Recompile with -Xlint:deprecation for details.
[INFO] /Users/neil/dev/dollar/dollar-script/src/main/java/dollar/internal/runtime/script/Builtins.java: Some input files use unchecked or unsafe operations.
[INFO] /Users/neil/dev/dollar/dollar-script/src/main/java/dollar/internal/runtime/script/Builtins.java: Recompile with -Xlint:unchecked for details.
[INFO] 
[INFO] --- maven-resources-plugin:3.0.2:testResources (default-testResources) @ dollar-script ---
[INFO] Using 'UTF-8' encoding to copy filtered resources.
[INFO] skip non existing resourceDirectory /Users/neil/dev/dollar/dollar-script/src/test/resources
[INFO] 
[INFO] --- maven-compiler-plugin:3.6.1:testCompile (default-testCompile) @ dollar-script ---
[INFO] Changes detected - recompiling the module!
[INFO] Compiling 1 source file to /Users/neil/dev/dollar/dollar-script/target/test-classes
[INFO] 
[INFO] --- maven-surefire-plugin:2.20:test (default-test) @ dollar-script ---
[INFO] 
[INFO] -------------------------------------------------------
[INFO]  T E S T S
[INFO] -------------------------------------------------------
[INFO] Running dollar.internal.runtime.script.ParserMainTest
[INFO] Tests run: 1, Failures: 0, Errors: 0, Skipped: 0, Time elapsed: 0.004 s - in dollar.internal.runtime.script.ParserMainTest
[INFO] 
[INFO] Results:
[INFO] 
[INFO] Tests run: 1, Failures: 0, Errors: 0, Skipped: 0
[INFO] 
[INFO] 
[INFO] --- maven-jar-plugin:3.0.2:jar (default-jar) @ dollar-script ---
[INFO] Building jar: /Users/neil/dev/dollar/dollar-script/target/dollar-script-0-SNAPSHOT.jar
[INFO] 
[INFO] --- maven-javadoc-plugin:2.10.4:jar (attach-javadocs) @ dollar-script ---
[INFO] 
Loading source files for package dollar.internal.runtime.script.api...
Loading source files for package dollar.internal.runtime.script.api.exceptions...
Loading source files for package dollar.internal.runtime.script...
Loading source files for package dollar.internal.runtime.script.operators...
Loading source files for package dollar.internal.runtime.script.parser...
Loading source files for package dollar.internal.runtime.script.util...
Loading source files for package dollar.lang...
Loading source files for package dollar.main...
Constructing Javadoc information...
Standard Doclet version 1.8.0_144
Building tree for all the packages and classes...
Generating /Users/neil/dev/dollar/dollar-script/target/apidocs/dollar/internal/runtime/script/api/DollarParser.html...
Generating /Users/neil/dev/dollar/dollar-script/target/apidocs/dollar/internal/runtime/script/api/ParserErrorHandler.html...
Generating /Users/neil/dev/dollar/dollar-script/target/apidocs/dollar/internal/runtime/script/api/ParserOptions.html...
Generating /Users/neil/dev/dollar/dollar-script/target/apidocs/dollar/internal/runtime/script/api/exceptions/BuiltinNotFoundException.html...
Generating /Users/neil/dev/dollar/dollar-script/target/apidocs/dollar/internal/runtime/script/api/exceptions/DollarAssertionException.html...
Generating /Users/neil/dev/dollar/dollar-script/target/apidocs/dollar/internal/runtime/script/api/exceptions/DollarParserError.html...
Generating /Users/neil/dev/dollar/dollar-script/target/apidocs/dollar/internal/runtime/script/api/exceptions/DollarScriptException.html...
Generating /Users/neil/dev/dollar/dollar-script/target/apidocs/dollar/internal/runtime/script/api/exceptions/DollarScriptFailureException.html...
Generating /Users/neil/dev/dollar/dollar-script/target/apidocs/dollar/internal/runtime/script/api/exceptions/ErrorReporter.html...
Generating /Users/neil/dev/dollar/dollar-script/target/apidocs/dollar/internal/runtime/script/api/exceptions/PureFunctionException.html...
Generating /Users/neil/dev/dollar/dollar-script/target/apidocs/dollar/internal/runtime/script/api/exceptions/VariableNotFoundException.html...
Generating /Users/neil/dev/dollar/dollar-script/target/apidocs/dollar/internal/runtime/script/BinaryOp.html...
Generating /Users/neil/dev/dollar/dollar-script/target/apidocs/dollar/internal/runtime/script/Builtin.html...
Generating /Users/neil/dev/dollar/dollar-script/target/apidocs/dollar/internal/runtime/script/Builtin.BuiltinImpl.html...
Generating /Users/neil/dev/dollar/dollar-script/target/apidocs/dollar/internal/runtime/script/Builtin.DollarStyle.html...
Generating /Users/neil/dev/dollar/dollar-script/target/apidocs/dollar/internal/runtime/script/Builtin.JavaStyle.html...
Generating /Users/neil/dev/dollar/dollar-script/target/apidocs/dollar/internal/runtime/script/Builtins.html...
Generating /Users/neil/dev/dollar/dollar-script/target/apidocs/dollar/internal/runtime/script/ClassScopeFactory.html...
Generating /Users/neil/dev/dollar/dollar-script/target/apidocs/dollar/internal/runtime/script/CodeExtractionVisitor.html...
Generating /Users/neil/dev/dollar/dollar-script/target/apidocs/dollar/internal/runtime/script/Constants.html...
Generating /Users/neil/dev/dollar/dollar-script/target/apidocs/dollar/internal/runtime/script/DollarExitError.html...
Generating /Users/neil/dev/dollar/dollar-script/target/apidocs/dollar/internal/runtime/script/DollarObject.html...
Generating /Users/neil/dev/dollar/dollar-script/target/apidocs/dollar/internal/runtime/script/DollarParserImpl.html...
Generating /Users/neil/dev/dollar/dollar-script/target/apidocs/dollar/internal/runtime/script/DollarScriptSupport.html...
Generating /Users/neil/dev/dollar/dollar-script/target/apidocs/dollar/internal/runtime/script/DollarUnaryOperator.html...
Generating /Users/neil/dev/dollar/dollar-script/target/apidocs/dollar/internal/runtime/script/ErrorHandlerFactory.html...
Generating /Users/neil/dev/dollar/dollar-script/target/apidocs/dollar/internal/runtime/script/FileScope.html...
Generating /Users/neil/dev/dollar/dollar-script/target/apidocs/dollar/internal/runtime/script/Func.html...
Generating /Users/neil/dev/dollar/dollar-script/target/apidocs/dollar/internal/runtime/script/HasKeyword.html...
Generating /Users/neil/dev/dollar/dollar-script/target/apidocs/dollar/internal/runtime/script/HasSymbol.html...
Generating /Users/neil/dev/dollar/dollar-script/target/apidocs/dollar/internal/runtime/script/Operator.html...
Generating /Users/neil/dev/dollar/dollar-script/target/apidocs/dollar/internal/runtime/script/OperatorPriority.html...
Generating /Users/neil/dev/dollar/dollar-script/target/apidocs/dollar/internal/runtime/script/PureScope.html...
Generating /Users/neil/dev/dollar/dollar-script/target/apidocs/dollar/internal/runtime/script/ScopeExecutable.html...
Generating /Users/neil/dev/dollar/dollar-script/target/apidocs/dollar/internal/runtime/script/ScriptScope.html...
Generating /Users/neil/dev/dollar/dollar-script/target/apidocs/dollar/internal/runtime/script/SimpleSubType.html...
Generating /Users/neil/dev/dollar/dollar-script/target/apidocs/dollar/internal/runtime/script/SourceCode.html...
Generating /Users/neil/dev/dollar/dollar-script/target/apidocs/dollar/internal/runtime/script/SourceNode.html...
Generating /Users/neil/dev/dollar/dollar-script/target/apidocs/dollar/internal/runtime/script/SourceNodeOptions.html...
Generating /Users/neil/dev/dollar/dollar-script/target/apidocs/dollar/internal/runtime/script/TestPipe.html...
Generating /Users/neil/dev/dollar/dollar-script/target/apidocs/dollar/internal/runtime/script/operators/AssignmentOperator.html...
Generating /Users/neil/dev/dollar/dollar-script/target/apidocs/dollar/internal/runtime/script/operators/CollectOperator.html...
Generating /Users/neil/dev/dollar/dollar-script/target/apidocs/dollar/internal/runtime/script/operators/DefinitionOperator.html...
Generating /Users/neil/dev/dollar/dollar-script/target/apidocs/dollar/internal/runtime/script/operators/ParameterOperator.html...
Generating /Users/neil/dev/dollar/dollar-script/target/apidocs/dollar/internal/runtime/script/operators/PureDefinitionOperator.html...
Generating /Users/neil/dev/dollar/dollar-script/target/apidocs/dollar/internal/runtime/script/operators/WindowOperator.html...
Generating /Users/neil/dev/dollar/dollar-script/target/apidocs/dollar/internal/runtime/script/parser/KeywordDef.html...
Generating /Users/neil/dev/dollar/dollar-script/target/apidocs/dollar/internal/runtime/script/parser/OpDef.html...
Generating /Users/neil/dev/dollar/dollar-script/target/apidocs/dollar/internal/runtime/script/parser/OpDefType.html...
Generating /Users/neil/dev/dollar/dollar-script/target/apidocs/dollar/internal/runtime/script/parser/SymbolDef.html...
Generating /Users/neil/dev/dollar/dollar-script/target/apidocs/dollar/internal/runtime/script/parser/Symbols.html...
Generating /Users/neil/dev/dollar/dollar-script/target/apidocs/dollar/internal/runtime/script/util/FileUtil.html...
Generating /Users/neil/dev/dollar/dollar-script/target/apidocs/dollar/internal/runtime/script/util/FNV.html...
Generating /Users/neil/dev/dollar/dollar-script/target/apidocs/dollar/lang/Dummy.html...
Generating /Users/neil/dev/dollar/dollar-script/target/apidocs/dollar/main/ParserMain.html...
Generating /Users/neil/dev/dollar/dollar-script/target/apidocs/overview-frame.html...
Generating /Users/neil/dev/dollar/dollar-script/target/apidocs/dollar/internal/runtime/script/package-frame.html...
Generating /Users/neil/dev/dollar/dollar-script/target/apidocs/dollar/internal/runtime/script/package-summary.html...
Generating /Users/neil/dev/dollar/dollar-script/target/apidocs/dollar/internal/runtime/script/package-tree.html...
Generating /Users/neil/dev/dollar/dollar-script/target/apidocs/dollar/internal/runtime/script/api/package-frame.html...
Generating /Users/neil/dev/dollar/dollar-script/target/apidocs/dollar/internal/runtime/script/api/package-summary.html...
Generating /Users/neil/dev/dollar/dollar-script/target/apidocs/dollar/internal/runtime/script/api/package-tree.html...
Generating /Users/neil/dev/dollar/dollar-script/target/apidocs/dollar/internal/runtime/script/api/exceptions/package-frame.html...
Generating /Users/neil/dev/dollar/dollar-script/target/apidocs/dollar/internal/runtime/script/api/exceptions/package-summary.html...
Generating /Users/neil/dev/dollar/dollar-script/target/apidocs/dollar/internal/runtime/script/api/exceptions/package-tree.html...
Generating /Users/neil/dev/dollar/dollar-script/target/apidocs/dollar/internal/runtime/script/operators/package-frame.html...
Generating /Users/neil/dev/dollar/dollar-script/target/apidocs/dollar/internal/runtime/script/operators/package-summary.html...
Generating /Users/neil/dev/dollar/dollar-script/target/apidocs/dollar/internal/runtime/script/operators/package-tree.html...
Generating /Users/neil/dev/dollar/dollar-script/target/apidocs/dollar/internal/runtime/script/parser/package-frame.html...
Generating /Users/neil/dev/dollar/dollar-script/target/apidocs/dollar/internal/runtime/script/parser/package-summary.html...
Generating /Users/neil/dev/dollar/dollar-script/target/apidocs/dollar/internal/runtime/script/parser/package-tree.html...
Generating /Users/neil/dev/dollar/dollar-script/target/apidocs/dollar/internal/runtime/script/util/package-frame.html...
Generating /Users/neil/dev/dollar/dollar-script/target/apidocs/dollar/internal/runtime/script/util/package-summary.html...
Generating /Users/neil/dev/dollar/dollar-script/target/apidocs/dollar/internal/runtime/script/util/package-tree.html...
Generating /Users/neil/dev/dollar/dollar-script/target/apidocs/dollar/lang/package-frame.html...
Generating /Users/neil/dev/dollar/dollar-script/target/apidocs/dollar/lang/package-summary.html...
Generating /Users/neil/dev/dollar/dollar-script/target/apidocs/dollar/lang/package-tree.html...
Generating /Users/neil/dev/dollar/dollar-script/target/apidocs/dollar/main/package-frame.html...
Generating /Users/neil/dev/dollar/dollar-script/target/apidocs/dollar/main/package-summary.html...
Generating /Users/neil/dev/dollar/dollar-script/target/apidocs/dollar/main/package-tree.html...
Generating /Users/neil/dev/dollar/dollar-script/target/apidocs/constant-values.html...
Generating /Users/neil/dev/dollar/dollar-script/target/apidocs/serialized-form.html...
Generating /Users/neil/dev/dollar/dollar-script/target/apidocs/dollar/internal/runtime/script/api/class-use/ParserOptions.html...
Generating /Users/neil/dev/dollar/dollar-script/target/apidocs/dollar/internal/runtime/script/api/class-use/ParserErrorHandler.html...
Generating /Users/neil/dev/dollar/dollar-script/target/apidocs/dollar/internal/runtime/script/api/class-use/DollarParser.html...
Generating /Users/neil/dev/dollar/dollar-script/target/apidocs/dollar/internal/runtime/script/api/exceptions/class-use/VariableNotFoundException.html...
Generating /Users/neil/dev/dollar/dollar-script/target/apidocs/dollar/internal/runtime/script/api/exceptions/class-use/PureFunctionException.html...
Generating /Users/neil/dev/dollar/dollar-script/target/apidocs/dollar/internal/runtime/script/api/exceptions/class-use/ErrorReporter.html...
Generating /Users/neil/dev/dollar/dollar-script/target/apidocs/dollar/internal/runtime/script/api/exceptions/class-use/DollarScriptFailureException.html...
Generating /Users/neil/dev/dollar/dollar-script/target/apidocs/dollar/internal/runtime/script/api/exceptions/class-use/DollarScriptException.html...
Generating /Users/neil/dev/dollar/dollar-script/target/apidocs/dollar/internal/runtime/script/api/exceptions/class-use/DollarParserError.html...
Generating /Users/neil/dev/dollar/dollar-script/target/apidocs/dollar/internal/runtime/script/api/exceptions/class-use/DollarAssertionException.html...
Generating /Users/neil/dev/dollar/dollar-script/target/apidocs/dollar/internal/runtime/script/api/exceptions/class-use/BuiltinNotFoundException.html...
Generating /Users/neil/dev/dollar/dollar-script/target/apidocs/dollar/internal/runtime/script/class-use/TestPipe.html...
Generating /Users/neil/dev/dollar/dollar-script/target/apidocs/dollar/internal/runtime/script/class-use/SourceNodeOptions.html...
Generating /Users/neil/dev/dollar/dollar-script/target/apidocs/dollar/internal/runtime/script/class-use/SourceNode.html...
Generating /Users/neil/dev/dollar/dollar-script/target/apidocs/dollar/internal/runtime/script/class-use/SourceCode.html...
Generating /Users/neil/dev/dollar/dollar-script/target/apidocs/dollar/internal/runtime/script/class-use/SimpleSubType.html...
Generating /Users/neil/dev/dollar/dollar-script/target/apidocs/dollar/internal/runtime/script/class-use/ScriptScope.html...
Generating /Users/neil/dev/dollar/dollar-script/target/apidocs/dollar/internal/runtime/script/class-use/ScopeExecutable.html...
Generating /Users/neil/dev/dollar/dollar-script/target/apidocs/dollar/internal/runtime/script/class-use/PureScope.html...
Generating /Users/neil/dev/dollar/dollar-script/target/apidocs/dollar/internal/runtime/script/class-use/OperatorPriority.html...
Generating /Users/neil/dev/dollar/dollar-script/target/apidocs/dollar/internal/runtime/script/class-use/Operator.html...
Generating /Users/neil/dev/dollar/dollar-script/target/apidocs/dollar/internal/runtime/script/class-use/HasSymbol.html...
Generating /Users/neil/dev/dollar/dollar-script/target/apidocs/dollar/internal/runtime/script/class-use/HasKeyword.html...
Generating /Users/neil/dev/dollar/dollar-script/target/apidocs/dollar/internal/runtime/script/class-use/Func.html...
Generating /Users/neil/dev/dollar/dollar-script/target/apidocs/dollar/internal/runtime/script/class-use/FileScope.html...
Generating /Users/neil/dev/dollar/dollar-script/target/apidocs/dollar/internal/runtime/script/class-use/ErrorHandlerFactory.html...
Generating /Users/neil/dev/dollar/dollar-script/target/apidocs/dollar/internal/runtime/script/class-use/DollarUnaryOperator.html...
Generating /Users/neil/dev/dollar/dollar-script/target/apidocs/dollar/internal/runtime/script/class-use/DollarScriptSupport.html...
Generating /Users/neil/dev/dollar/dollar-script/target/apidocs/dollar/internal/runtime/script/class-use/DollarParserImpl.html...
Generating /Users/neil/dev/dollar/dollar-script/target/apidocs/dollar/internal/runtime/script/class-use/DollarObject.html...
Generating /Users/neil/dev/dollar/dollar-script/target/apidocs/dollar/internal/runtime/script/class-use/DollarExitError.html...
Generating /Users/neil/dev/dollar/dollar-script/target/apidocs/dollar/internal/runtime/script/class-use/Constants.html...
Generating /Users/neil/dev/dollar/dollar-script/target/apidocs/dollar/internal/runtime/script/class-use/CodeExtractionVisitor.html...
Generating /Users/neil/dev/dollar/dollar-script/target/apidocs/dollar/internal/runtime/script/class-use/ClassScopeFactory.html...
Generating /Users/neil/dev/dollar/dollar-script/target/apidocs/dollar/internal/runtime/script/class-use/Builtins.html...
Generating /Users/neil/dev/dollar/dollar-script/target/apidocs/dollar/internal/runtime/script/class-use/Builtin.html...
Generating /Users/neil/dev/dollar/dollar-script/target/apidocs/dollar/internal/runtime/script/class-use/Builtin.DollarStyle.html...
Generating /Users/neil/dev/dollar/dollar-script/target/apidocs/dollar/internal/runtime/script/class-use/Builtin.JavaStyle.html...
Generating /Users/neil/dev/dollar/dollar-script/target/apidocs/dollar/internal/runtime/script/class-use/Builtin.BuiltinImpl.html...
Generating /Users/neil/dev/dollar/dollar-script/target/apidocs/dollar/internal/runtime/script/class-use/BinaryOp.html...
Generating /Users/neil/dev/dollar/dollar-script/target/apidocs/dollar/internal/runtime/script/operators/class-use/WindowOperator.html...
Generating /Users/neil/dev/dollar/dollar-script/target/apidocs/dollar/internal/runtime/script/operators/class-use/PureDefinitionOperator.html...
Generating /Users/neil/dev/dollar/dollar-script/target/apidocs/dollar/internal/runtime/script/operators/class-use/ParameterOperator.html...
Generating /Users/neil/dev/dollar/dollar-script/target/apidocs/dollar/internal/runtime/script/operators/class-use/DefinitionOperator.html...
Generating /Users/neil/dev/dollar/dollar-script/target/apidocs/dollar/internal/runtime/script/operators/class-use/CollectOperator.html...
Generating /Users/neil/dev/dollar/dollar-script/target/apidocs/dollar/internal/runtime/script/operators/class-use/AssignmentOperator.html...
Generating /Users/neil/dev/dollar/dollar-script/target/apidocs/dollar/internal/runtime/script/parser/class-use/Symbols.html...
Generating /Users/neil/dev/dollar/dollar-script/target/apidocs/dollar/internal/runtime/script/parser/class-use/SymbolDef.html...
Generating /Users/neil/dev/dollar/dollar-script/target/apidocs/dollar/internal/runtime/script/parser/class-use/OpDefType.html...
Generating /Users/neil/dev/dollar/dollar-script/target/apidocs/dollar/internal/runtime/script/parser/class-use/OpDef.html...
Generating /Users/neil/dev/dollar/dollar-script/target/apidocs/dollar/internal/runtime/script/parser/class-use/KeywordDef.html...
Generating /Users/neil/dev/dollar/dollar-script/target/apidocs/dollar/internal/runtime/script/util/class-use/FNV.html...
Generating /Users/neil/dev/dollar/dollar-script/target/apidocs/dollar/internal/runtime/script/util/class-use/FileUtil.html...
Generating /Users/neil/dev/dollar/dollar-script/target/apidocs/dollar/lang/class-use/Dummy.html...
Generating /Users/neil/dev/dollar/dollar-script/target/apidocs/dollar/main/class-use/ParserMain.html...
Generating /Users/neil/dev/dollar/dollar-script/target/apidocs/dollar/internal/runtime/script/package-use.html...
Generating /Users/neil/dev/dollar/dollar-script/target/apidocs/dollar/internal/runtime/script/api/package-use.html...
Generating /Users/neil/dev/dollar/dollar-script/target/apidocs/dollar/internal/runtime/script/api/exceptions/package-use.html...
Generating /Users/neil/dev/dollar/dollar-script/target/apidocs/dollar/internal/runtime/script/operators/package-use.html...
Generating /Users/neil/dev/dollar/dollar-script/target/apidocs/dollar/internal/runtime/script/parser/package-use.html...
Generating /Users/neil/dev/dollar/dollar-script/target/apidocs/dollar/internal/runtime/script/util/package-use.html...
Generating /Users/neil/dev/dollar/dollar-script/target/apidocs/dollar/lang/package-use.html...
Generating /Users/neil/dev/dollar/dollar-script/target/apidocs/dollar/main/package-use.html...
Building index for all the packages and classes...
Generating /Users/neil/dev/dollar/dollar-script/target/apidocs/overview-tree.html...
Generating /Users/neil/dev/dollar/dollar-script/target/apidocs/index-all.html...
Generating /Users/neil/dev/dollar/dollar-script/target/apidocs/deprecated-list.html...
Building index for all classes...
Generating /Users/neil/dev/dollar/dollar-script/target/apidocs/allclasses-frame.html...
Generating /Users/neil/dev/dollar/dollar-script/target/apidocs/allclasses-noframe.html...
Generating /Users/neil/dev/dollar/dollar-script/target/apidocs/index.html...
Generating /Users/neil/dev/dollar/dollar-script/target/apidocs/overview-summary.html...
Generating /Users/neil/dev/dollar/dollar-script/target/apidocs/help-doc.html...
[INFO] Building jar: /Users/neil/dev/dollar/dollar-script/target/dollar-script-0-SNAPSHOT-javadoc.jar
[INFO] 
[INFO] --- maven-site-plugin:3.6:attach-descriptor (attach-descriptor) @ dollar-script ---
[INFO] Skipping because packaging 'jar' is not pom.
[INFO] 
[INFO] >>> maven-source-plugin:3.0.1:jar (attach-sources) > generate-sources @ dollar-script >>>
[INFO] 
[INFO] --- maven-enforcer-plugin:1.4.1:enforce (enforce-versions) @ dollar-script ---
[INFO] 
[INFO] <<< maven-source-plugin:3.0.1:jar (attach-sources) < generate-sources @ dollar-script <<<
[INFO] 
[INFO] 
[INFO] --- maven-source-plugin:3.0.1:jar (attach-sources) @ dollar-script ---
